## STRP x PUBG / HUGE UPDATE v1.2 (UNIVERSAL) (23)
- Converted All Props Into Script File
- Added NEW BAG 1.7 PROPS | Its a BEAST Now for FPS Games!
- Added NEW STRP ULTRA AUDIO PACK Supports All Versions!
- Each sound in PUBG Mobile is different.
- Different floors make different sounds, a person walking outside the house will have a distinguished sound than the one walking inside the house. 
- Even the guns and other supplements have quite differentiable sounds. 
- Some sounds that don’t appear on the map can be heard with a good sound sense.
- That Is What STRP ULTRA AUDIO .PAK Will Handle For You Guys!

## STRP x PUBG / HUGE UPDATE v1.1 (UNIVERSAL) (HOTFIX)
- Added Option Turn OFF Gaming Mode in Menu!

## STRP x PUBG / HUGE UPDATE v1.1 (UNIVERSAL)

## CREATOR ▌OWNER ▌GROUP

By CRANKV2
- Telegram channel: t.me/StratospherePerformance
- Telegram group: t.me/AndroidRootModulesCommunity
- Join ARMC Group!

## EXTRAS
- Added AimAssist/Boost
- Added BulletRegister
- Added and fixed many Tweaks to be stable AF!

## MENU FEATURES
## BATTERY INFO
- Battery Charge Level:
- Battery Total Capacity:
- Battery Health:
- Battery Status:
- Battery Temperature:
- System Using Since:

## ENABLE PUBG GAMING MODE!
- Turn On PUBG Gaming MODE!

## Usefull Options
- Enemy Spot KCAL Preset
- Reset KCAL Preset
- Optimize & Repack Apps Packages
- Enable DevFreq Boost! Stabilize Latency!
- Disable DevFreq Boost!
- Enable/Disable Low Power Mode
- Enable/Disable data saver
- Enable/Disable power-saving location mode
- Clean Trash, -Example System logs, Game Logs and Cache etc...
- Unlock 90FPS For PUBG, You NEED To REBOOT After Using This!
- Start PUBG Extreme Script To Enable Extreme Graphic In PUBG!

## Change Refresh Rate Options...
- 46 HZ Refresh Rate
- 50 HZ Refresh Rate
- 55 HZ Refresh Rate
- 60 HZ Refresh Rate
- 90 HZ Refresh Rate
- Reset Refresh Rate config

## Free RAM Bevore playing!
- Will Remove ALL PUBG CACHE TOO!
- EXTREME -- GAMES CACHE CLEANER

## Gapps Settings..
- Enable Gapps
- Disable Gapps

## Open GL Changer!
- Set renderer to OpenGL
- Set renderer to Skia OpenGL
- Set renderer to Skia Vulkan

━━━━━━━━━━━━━━━━━━━━━━━━━━━━━━━━━━━━━━━━━━━━━━━━━━━━


## STRP x PUBG / Initial Release v1.0 (UNIVERSAL)

- Added PUBG Extreme Graphic Script
- Can be Executed with termux / su -c PUBGEXTREME

- Added PUBG Ultra Audio .PAK
- Gets Auto Installed While Flashing!

- Added Touch Boost for Touch Improvment Exclusive for PUBG!
- BAG Module Can Be Used With This Build!
- GODSPEED AimBooster Can Be Used Too!
- Added PUBG 90 FPS UNLOCK!
- Auto Cleaning all Game Caches After Every Reboot!
- Termux Menu with More Usefull PUBG Stuff will came in Next Update!

-----------

## !IMPORTANT!
It is necessary to Remove any Type of Game/FPS UNLOCKER or 90FPS Unlocker wont work! it's up to u!

-----------
