+ getprop persist.stratospherefreeversiontweaks.mode
+ strp_profile=5 
+ strp_prof=Gaming 
+ getprop init.svc.thermal-engine
+ getprop init.svc.mi_thermald
+ ts=On 
+ Menu
+ echo -e '\n'
+ /system/xbin/busybox printf '\033c'
+ >/dev/null 
+ 2>&1 
+ Menutoast
+ >/dev/null 
+ 2>&1 
+ am start -a android.intent.action.MAIN -e toasttext 'â–Œğ™ğ™ğ™ğ˜¼ğ™ğ™Šğ™ğ™‹ğ™ƒğ™€ğ™ğ™€ ğ™ˆğ™€ğ™‰ğ™ â–Œ' -n bellavita.toast/.MainActivity
+ /system/xbin/busybox printf '\033c'
+ echo ''
+ echo ''
+ echo '\e[1;95m'
+ echo $'                                               \n                        .                      \n             ..       ::.                      \n            ::.     .::::::::..                \n           .:::    .:::    ...::::.            \n          .::::   .:::.          .:::.         \n     .    :::::   ::::.             .::.       \n    .:    :::::.  ::::.               .::.     \n    ::    ::::::  ::::.                 ::.    \n    :::   .:::::.  ::::                  ::    \n    ::::   ::::::. .:::.                 .::   \n    .::::   .:::::.  :::.    .            ::.  \n     :::::.  .::::::.  ...   ::           .:.  \n      .::::::...::::::::....::::.         .:.  \n   ..    .:::::::::::::::::::::::.        ::.  \n     :::.......:::::::::::.      .        ::   \n      :::::::::::::::::: .               ::.   \n       ::.  .....:::::: ::              ::.    \n        ::.      .::::. ::            .::.     \n         .::.    .::::: .:.          :::       \n           .:::. ::::::. .::.     .:::         \n             ..:::::::::: .:::.::::.           \n                 ..:::::::::::..               \n                                               \n'
+ echo '\e[0m'
+ echo '\e[01;33mâ˜†â˜†â˜†â˜†â˜†â˜†â˜†â˜†â˜†â˜†â˜†â˜†â˜†â˜†â˜†â˜†â˜†â˜†â˜†â˜†â˜†â˜†â˜†â˜†â˜†â˜†â˜†â˜†â˜†â˜†â˜†â˜†â˜†â˜†â˜†â˜†â˜†â˜†â˜†â˜†â˜†â˜†â˜†â˜†â˜†â˜†â˜†â˜†â˜†â˜†â˜†â˜†\e[0m'
+ echo ''
+ echo ''
+ echo '\e[1;94m'
+ echo '      â–‘â–Œâ–Œâ–Œâ–Œâ–Œâ–Œâ•—â–Œâ–Œâ–Œâ–Œâ–Œâ–Œâ–Œâ–Œâ•—â–Œâ–Œâ–Œâ–Œâ–Œâ–Œâ•—â–‘â–Œâ–Œâ–Œâ–Œâ–Œâ–Œâ•—â–‘'
+ echo '      â–Œâ–Œâ•”â•â•â•â•â•â•šâ•â•â–Œâ–Œâ•”â•â•â•â–Œâ–Œâ•”â•â•â–Œâ–Œâ•—â–Œâ–Œâ•”â•â•â–Œâ–Œâ•—'
+ echo '      â•šâ–Œâ–Œâ–Œâ–Œâ–Œâ•—â–‘â–‘â–‘â–‘â–Œâ–Œâ•‘â–‘â–‘â–‘â–Œâ–Œâ–Œâ–Œâ–Œâ–Œâ•”â•â–Œâ–Œâ–Œâ–Œâ–Œâ–Œâ•”â•'
+ echo '      â–‘â•šâ•â•â•â–Œâ–Œâ•—â–‘â–‘â–‘â–Œâ–Œâ•‘â–‘â–‘â–‘â–Œâ–Œâ•”â•â•â–Œâ–Œâ•—â–Œâ–Œâ•”â•â•â•â•â–‘'
+ echo '      â–Œâ–Œâ–Œâ–Œâ–Œâ–Œâ•”â•â–‘â–‘â–‘â–Œâ–Œâ•‘â–‘â–‘â–‘â–Œâ–Œâ•‘â–‘â–‘â–Œâ–Œâ•‘â–Œâ–Œâ•‘â–‘â–‘â–‘â–‘â–‘'
+ echo '      â•šâ•â•â•â•â•â•â–‘â–‘â–‘â–‘â•šâ•â•â–‘â–‘â–‘â•šâ•â•â–‘â–‘â•šâ•â•â•šâ•â•â–‘â–‘â–‘â–‘â–‘\e[0m'
+ echo ''
+ echo '      \e[1;95mâ–‘â–‘â–‘â–‘â–‘â–‘â–‘â–‘â–‘â–‘â–‘â–‘â–Œâ–Œâ•—â–‘â–‘â–Œâ–Œâ•—â–‘â–‘â–‘â–‘â–‘â–‘â–‘â–‘â–‘â–‘â–‘â–‘'
+ echo '      â–‘â–‘â–‘â–‘â–‘â–‘â–‘â–‘â–‘â–‘â–‘â–‘â•šâ–Œâ–Œâ•—â–Œâ–Œâ•”â•â–‘â–‘â–‘â–‘â–‘â–‘â–‘â–‘â–‘â–‘â–‘â–‘'
+ echo '      â–Œâ–Œâ–Œâ–Œâ–Œâ•—â–Œâ–Œâ–Œâ–Œâ–Œâ•—â–‘â•šâ–Œâ–Œâ–Œâ•”â•â–‘â–Œâ–Œâ–Œâ–Œâ–Œâ•—â–Œâ–Œâ–Œâ–Œâ–Œâ•—'
+ echo '      â•šâ•â•â•â•â•â•šâ•â•â•â•â•â–‘â–Œâ–Œâ•”â–Œâ–Œâ•—â–‘â•šâ•â•â•â•â•â•šâ•â•â•â•â•'
+ echo '      â–‘â–‘â–‘â–‘â–‘â–‘â–‘â–‘â–‘â–‘â–‘â–‘â–Œâ–Œâ•”â•â•šâ–Œâ–Œâ•—â–‘â–‘â–‘â–‘â–‘â–‘â–‘â–‘â–‘â–‘â–‘â–‘'
+ echo '      â–‘â–‘â–‘â–‘â–‘â–‘â–‘â–‘â–‘â–‘â–‘â–‘â•šâ•â•â–‘â–‘â•šâ•â•â–‘â–‘â–‘â–‘â–‘â–‘â–‘â–‘â–‘â–‘â–‘â–‘\e[0m'
+ echo ''
+ echo '     \e[1;94mâ–Œâ–Œâ–Œâ•—â–‘â–‘â–‘â–Œâ–Œâ–Œâ•—â–Œâ–Œâ–Œâ–Œâ–Œâ–Œâ–Œâ•—â–Œâ–Œâ–Œâ•—â–‘â–‘â–Œâ–Œâ•—â–Œâ–Œâ•—â–‘â–‘â–‘â–Œâ–Œâ•—'
+ echo '     â–Œâ–Œâ–Œâ–Œâ•—â–‘â–Œâ–Œâ–Œâ–Œâ•‘â–Œâ–Œâ•”â•â•â•â•â•â–Œâ–Œâ–Œâ–Œâ•—â–‘â–Œâ–Œâ•‘â–Œâ–Œâ•‘â–‘â–‘â–‘â–Œâ–Œâ•‘'
+ echo '     â–Œâ–Œâ•”â–Œâ–Œâ–Œâ–Œâ•”â–Œâ–Œâ•‘â–Œâ–Œâ–Œâ–Œâ–Œâ•—â–‘â–‘â–Œâ–Œâ•”â–Œâ–Œâ•—â–Œâ–Œâ•‘â–Œâ–Œâ•‘â–‘â–‘â–‘â–Œâ–Œâ•‘'
+ echo '     â–Œâ–Œâ•‘â•šâ–Œâ–Œâ•”â•â–Œâ–Œâ•‘â–Œâ–Œâ•”â•â•â•â–‘â–‘â–Œâ–Œâ•‘â•šâ–Œâ–Œâ–Œâ–Œâ•‘â–Œâ–Œâ•‘â–‘â–‘â–‘â–Œâ–Œâ•‘'
+ echo '     â–Œâ–Œâ•‘â–‘â•šâ•â•â–‘â–Œâ–Œâ•‘â–Œâ–Œâ–Œâ–Œâ–Œâ–Œâ–Œâ•—â–Œâ–Œâ•‘â–‘â•šâ–Œâ–Œâ–Œâ•‘â•šâ–Œâ–Œâ–Œâ–Œâ–Œâ–Œâ•”â•'
+ echo '     â•šâ•â•â–‘â–‘â–‘â–‘â–‘â•šâ•â•â•šâ•â•â•â•â•â•â•â•šâ•â•â–‘â–‘â•šâ•â•â•â–‘â•šâ•â•â•â•â•â•â–‘\e[0m'
+ echo ''
+ echo ''
+ echo ''
+ echo '\e[01;33mâ˜†â˜†â˜†â˜†â˜†â˜†â˜†â˜†â˜†â˜†â˜†â˜†â˜†â˜†â˜†â˜†â˜†â˜†â˜†â˜†â˜†â˜†â˜†â˜†â˜†â˜†â˜†â˜†â˜†â˜†â˜†â˜†â˜†â˜†â˜†â˜†â˜†â˜†â˜†â˜†â˜†â˜†â˜†â˜†â˜†â˜†â˜†â˜†â˜†â˜†â˜†â˜†\e[0m'
+ echo ''
+ echo '\e[01;33m ã€„ \e[0m \e[01;32mğ˜¿ğ™šğ™«ğ™šğ™¡ğ™¤ğ™¥ğ™šğ™§ ğ™–ğ™£ğ™™ ğ™‘ğ™šğ™§ğ™¨ğ™ğ™¤ğ™£ â–°\e[0m \e[33;7mCRANKV2\e[0m \e[01;31mâ–°\e[0m \e[33;7mv2.2\e[0m'
+ echo ''
+ echo '\e[01;33m ã€„ \e[0m \e[01;32mğ™”ğ™¤ğ™ªğ™§ ğ˜¾ğ™ªğ™§ğ™§ğ™šğ™£ğ™© ğ™‹ğ™§ğ™¤ğ™›ğ™ğ™¡ğ™š â–° \e[0m\e[33;7mGaming\e[0m'
+ echo ''
+ getprop ro.product.model
+ echo '\e[01;33m ã€„ \e[0m \e[01;32mğ™”ğ™¤ğ™ªğ™§ ğ™ˆğ™¤ğ™™ğ™šğ™¡ â–°\e[0m \e[33;7mGM1917\e[0m'
+ echo ''
+ getprop ro.build.display.id
+ echo '\e[01;33m ã€„ \e[0m \e[01;32mğ™”ğ™¤ğ™ªğ™§ ğ™ğ™Šğ™ˆ â–°\e[0m \e[33;7mRKQ1.200826.002 release-keys\e[0m'
+ echo ''
+ echo '\e[01;33m ã€„ \e[0m \e[01;32mğ™ˆğ™–ğ™œğ™ğ™¨ğ™  ğ™‘ğ™šğ™§ğ™¨ğ™ğ™¤ğ™£ â–°\e[0m \e[33;7m23.0:MAGISK (23000)\e[0m'
+ echo ''
+ echo '\e[01;33m ã€„ \e[0m \e[01;32mğ™ğ™ğ™šğ™§ğ™¢ğ™–ğ™¡ ğ™ğ™©ğ™–ğ™©ğ™š â–°\e[0m \e[33;7mFULLY DISABLED\e[0m'
+ echo ''
+ echo '\e[01;33m ã€„ \e[0m \e[01;32mğ˜¾ğ™‹ğ™ ğ™ğ™§ğ™šğ™¦ â–°\e[0m \e[33;7m300-2956MHz\e[0m'
+ echo ''
+ echo '\e[01;33m ã€„ \e[0m \e[01;32mğ˜¾ğ™‹ğ™ ğ™ğ™˜ğ™ğ™šğ™™ğ™ªğ™¡ğ™ğ™£ğ™œ ğ™ğ™®ğ™¥ğ™š â–°\e[0m \e[33;7mEAS\e[0m'
+ echo ''
+ echo '\e[01;33m ã€„ \e[0m \e[01;32mğ™ğ™¤ğ™©ğ™–ğ™¡ ğ™ğ˜¼ğ™ˆ â–°\e[0m \e[33;7m7499MB\e[0m'
+ echo ''
+ echo '\e[01;33m ã€„ \e[0m \e[01;32mğ˜¼ğ™«ğ™–ğ™ğ™¡ğ™–ğ™—ğ™¡ğ™š ğ™ğ˜¼ğ™ˆ â–°\e[0m \e[33;7m3918MB\e[0m'
+ echo ''
+ echo '\e[01;33mâ˜†â˜†â˜†â˜†â˜†â˜†â˜†â˜†â˜†â˜†â˜†â˜†â˜†â˜†â˜†â˜†â˜†â˜†â˜†â˜†â˜†â˜†â˜†â˜†â˜†â˜†â˜†â˜†â˜†â˜†â˜†â˜†â˜†â˜†â˜†â˜†â˜†â˜†â˜†â˜†â˜†â˜†â˜†â˜†â˜†â˜†â˜†â˜†â˜†â˜†â˜†â˜†\e[0m'
+ echo ''
+ pcenter '\e[33;7mğ˜¾ğ™ğ™€ğ˜¼ğ™ğ™Šğ™ â–Œğ™Šğ™’ğ™‰ğ™€ğ™ â–Œğ™‚ğ™ğ™Šğ™ğ™‹\e[0m'
+ /system/xbin/busybox printf '\e[33;7mğ˜¾ğ™ğ™€ğ˜¼ğ™ğ™Šğ™ â–Œğ™Šğ™’ğ™‰ğ™€ğ™ â–Œğ™‚ğ™ğ™Šğ™ğ™‹\e[0m'
+ /system/xbin/busybox sed 's|\\e[[0-9;]*m||g'
+ /system/xbin/busybox wc -m
+ typeset 'CHAR=32'
+ typeset 'hfCOLUMN=28'
+ typeset 'hfCHAR=16'
+ typeset 'indent=12'
+ /system/xbin/busybox printf '%*s' 12 ''
+ echo '             \e[33;7mğ˜¾ğ™ğ™€ğ˜¼ğ™ğ™Šğ™ â–Œğ™Šğ™’ğ™‰ğ™€ğ™ â–Œğ™‚ğ™ğ™Šğ™ğ™‹\e[0m'
+ echo ''
+ echo '\e[01;32mBy\e[0m \e[01;31mCRANKV2\e[0m\e[01;32m â–Œt.me/\e[0m\e[01;31mCRANKV2\e[0m\e[01;32m â–Œgithub.com/\e[0m\e[01;31mCRANKV2\e[0m'
+ echo '\e[01;32mTelegram channel: t.me/\e[0m\e[01;31mStratospherePerformance\e[0m'
+ echo '\e[01;32mTelegram group: t.me/\e[0m\e[01;31mAndroidRootModulesCommunity\e[0m'
+ echo ''
+ echo '\e[01;36m[ GROUP ]\e[0m \e[01;36mJoin ARMC Group!\e[0m'
+ echo ''
+ echo '\e[01;36m[ CHANNEL ]\e[0m \e[01;36mJoin Ur Channel!\e[0m'
+ echo ''
+ echo '\e[01;36m[ DONATE ]\e[0m \e[01;36mDonate Me A Small Coffee To Keep This Alive !\e[0m'
+ echo ''
+ echo '\e[01;33mâ˜†â˜†â˜†â˜†â˜†â˜†â˜†â˜†â˜†â˜†â˜†â˜†â˜†â˜†â˜†â˜†â˜†â˜†â˜†â˜†â˜†â˜†â˜†â˜†â˜†â˜†â˜†â˜†â˜†â˜†â˜†â˜†â˜†â˜†â˜†â˜†â˜†â˜†â˜†â˜†â˜†â˜†â˜†â˜†â˜†â˜†â˜†â˜†â˜†â˜†â˜†â˜†\e[0m'
+ echo ''
+ printmid '\e[33;7mSelect Youre Desired Profile\e[0m'
+ printf '\e[33;7mSelect Youre Desired Profile\e[0m'
+ sed 's|\\e[[0-9;]*m||g'
+ wc -m
+ typeset 'CHAR=39'
+ typeset 'hfCOLUMN=28'
+ typeset 'hfCHAR=19'
+ typeset 'indent=9'
+ printf '%*s' 9 ''
+ echo '          \e[33;7mSelect Youre Desired Profile\e[0m'
+ echo ''
+ echo '\e[01;36m[ 1 ] Smooth Ur UI:\e[0m \e[01;35mFocused On Smoothness, Improve The UI Smoothness And Overall System Speed.\e[0m'
+ echo ''
+ echo '\e[01;34m[ 2 ] Maximize Battery Durability:\e[0m \e[01;35mReduce Power Draw And Improve Energetic Efficiency, Maximize Battery Backup.\e[0m'
+ echo ''
+ echo '\e[01;32m[ 3 ] Make It Balanced:\e[0m \e[01;35mBalanced Between Battery And Performance, Perfect For Daily Use / Tasks.\e[0m'
+ echo ''
+ echo '\e[01;33m[ 4 ] MAX CPU:\e[0m \e[01;35mForce CPU To Max, Disabling CPU Throttling And Tweaking It To Max Power.\e[0m'
+ echo ''
+ echo '\e[01;31m[ 5 ] Gaming:\e[0m \e[01;35mRecommended To Hardcore Gamers, Who Wanna Max Performance While Playing, It Set Both CPU / GPU To Max Power.\e[0m'
+ echo ''
+ echo '\e[01;35m[ 6 ] Battery A.I: \e[01;33mEnable Battery A.I ~ Auto Enables Battery saver & More at 15% Battery!\e[0m'
+ echo '\e[01;31mAfter Enabling This Feature just close Termux, Script will Load in Background!\e[0m'
+ echo ''
+ echo '\e[01;33mâ˜†â˜†â˜†â˜†â˜†â˜†â˜†â˜†â˜†â˜†â˜†â˜†â˜†â˜†â˜†â˜†â˜†â˜†â˜†â˜†â˜†â˜†â˜†â˜†â˜†â˜†â˜†â˜†â˜†â˜†â˜†â˜†â˜†â˜†â˜†â˜†â˜†â˜†â˜†â˜†â˜†â˜†â˜†â˜†â˜†â˜†â˜†â˜†â˜†â˜†â˜†â˜†\e[0m'
+ echo ''
+ printmid '\e[33;7mBATTERY INFO \e[0m'
+ printf '\e[33;7mBATTERY INFO \e[0m'
+ sed 's|\\e[[0-9;]*m||g'
+ wc -m
+ typeset 'CHAR=24'
+ typeset 'hfCOLUMN=28'
+ typeset 'hfCHAR=12'
+ typeset 'indent=16'
+ printf '%*s' 16 ''
+ echo '                 \e[33;7mBATTERY INFO \e[0m'
+ echo ''
+ echo '\e[01;32mBattery Charge Level â–° 79%\e[0m'
+ echo '\e[01;32mBattery Total Capacity â–° 5160mAh\e[0m'
+ echo '\e[01;32mBattery Health â–° Good\e[0m'
+ echo '\e[01;32mBattery Status â–° Discharging\e[0m'
+ echo '\e[01;32mBattery Temperature â–° 39Â°C\e[0m'
+ echo '\e[01;33mSystem Using Since â–° 17:21 / h:m\e[0m'
+ echo ''
+ echo '\e[01;33mâ˜†â˜†â˜†â˜†â˜†â˜†â˜†â˜†â˜†â˜†â˜†â˜†â˜†â˜†â˜†â˜†â˜†â˜†â˜†â˜†â˜†â˜†â˜†â˜†â˜†â˜†â˜†â˜†â˜†â˜†â˜†â˜†â˜†â˜†â˜†â˜†â˜†â˜†â˜†â˜†â˜†â˜†â˜†â˜†â˜†â˜†â˜†â˜†â˜†â˜†â˜†â˜†\e[0m'
+ echo ''
+ printmid '\e[33;7mChanging Thermal 4 Options!\e[0m'
+ printf '\e[33;7mChanging Thermal 4 Options!\e[0m'
+ sed 's|\\e[[0-9;]*m||g'
+ wc -m
+ typeset 'CHAR=38'
+ typeset 'hfCOLUMN=28'
+ typeset 'hfCHAR=19'
+ typeset 'indent=9'
+ printf '%*s' 9 ''
+ echo '          \e[33;7mChanging Thermal 4 Options!\e[0m'
+ echo ''
+ echo '\e[01;32m[ STOCK ] â–°\e[0m \e[01;31mStock Thermal (means no changes)\e[0m'
+ echo ''
+ echo '\e[01;32m[ LESS  ] â–°\e[0m \e[01;31mLess Heat\e[0m'
+ echo '\e[01;36mAbout 6 ~ 8Â° More before Throttling!\e[0m'
+ echo ''
+ echo '\e[01;32m[ MORE  ] â–°\e[0m \e[01;31mMore Heat\e[0m'
+ echo '\e[01;36mAbout 10 ~ 12Â° More before Throttling!\e[0m'
+ echo ''
+ echo '\e[01;32m[ OFF   ] â–°\e[0m \e[01;31mFully Disable Thermal\e[0m'
+ echo '\e[01;36mFull Disable Thermal Throttling!\e[0m'
+ echo ''
+ echo '\e[01;31m[ OFF2  ] â–°\e[0m \e[01;31mExperimental Disable Thermal\e[0m'
+ echo '\e[01;35mIMPORTANT! Use '\''OFF2'\'' Only If Normal '\''OFF'\'' Not Work for You!\e[0m'
+ echo '\e[01;32mDisable Thermal-engine \e[01;31m(May heat Device)\e[0m'
+ echo ''
+ echo ''
+ echo '\e[01;32m[ TINFO ] â–°\e[0m \e[01;31mOpen Thermal INFO!\e[0m'
+ echo ''
+ echo '\e[01;33mâ˜†â˜†â˜†â˜†â˜†â˜†â˜†â˜†â˜†â˜†â˜†â˜†â˜†â˜†â˜†â˜†â˜†â˜†â˜†â˜†â˜†â˜†â˜†â˜†â˜†â˜†â˜†â˜†â˜†â˜†â˜†â˜†â˜†â˜†â˜†â˜†â˜†â˜†â˜†â˜†â˜†â˜†â˜†â˜†â˜†â˜†â˜†â˜†â˜†â˜†â˜†â˜†\e[0m'
+ echo ''
+ printmid '\e[33;7mEXTRA MENUS!\e[0m'
+ printf '\e[33;7mEXTRA MENUS!\e[0m'
+ sed 's|\\e[[0-9;]*m||g'
+ wc -m
+ typeset 'CHAR=23'
+ typeset 'hfCOLUMN=28'
+ typeset 'hfCHAR=11'
+ typeset 'indent=17'
+ printf '%*s' 17 ''
+ echo '                  \e[33;7mEXTRA MENUS!\e[0m'
+ echo ''
+ echo '\e[01;33m[ CPUC ] Enter CPU Control Menu\e[0m'
+ echo '\e[01;36mEnable / Disable CPU Cores Easly Over Menu!\e[0m'
+ echo ''
+ echo '\e[01;32m[ UDB ] \e[01;31mEnter Universal Debloater Menu\e[0m'
+ echo '\e[01;36m Debloat Apps & System Apps! Or Multiple Apps!\e[0m'
+ echo ''
+ echo '\e[01;32m[ FCA ] \e[01;31mOpen Force Close Menu\e[0m'
+ echo '\e[01;36m Force Closes All Background Shit!\e[0m'
+ echo ''
+ echo '\e[01;32m[ SRC ] \e[01;31mOpen Simple Resolution Changer Menu\e[0m'
+ echo '\e[01;36m Let'\''s U Change Screen Resolution, Without Affecting Refresh Rate!\e[0m'
+ echo ''
+ echo '\e[01;32m[ CRASHFIX ] \e[01;31mOpen Game Crash Fixer Menu\e[0m'
+ echo '\e[01;36m Fixes you'\''re Random Game Crashes by 85%!!\e[0m'
+ echo ''
+ echo '\e[01;32m[ CLEANER ] \e[01;31mOpen Cleaner Menu\e[0m'
+ echo '\e[01;36m Let'\''s Clean Some Shit Up!\e[0m'
+ echo ''
+ echo '\e[01;32m[ KCAL ] \e[01;31mOpen STRP KCAL MENU \e[0m'
+ echo '\e[01;36m Adjusting Overall Device Color And Vision\e[0m'
+ echo ''
+ echo '\e[01;32m[ OPENGL ] \e[01;31mOpen OPENGL CHANGER MENU \e[0m'
+ echo '\e[01;36m Change You'\''re OpenGL and OpenGL Version!\e[0m'
+ echo ''
+ echo '\e[01;33mâ˜†â˜†â˜†â˜†â˜†â˜†â˜†â˜†â˜†â˜†â˜†â˜†â˜†â˜†â˜†â˜†â˜†â˜†â˜†â˜†â˜†â˜†â˜†â˜†â˜†â˜†â˜†â˜†â˜†â˜†â˜†â˜†â˜†â˜†â˜†â˜†â˜†â˜†â˜†â˜†â˜†â˜†â˜†â˜†â˜†â˜†â˜†â˜†â˜†â˜†â˜†â˜†\e[0m'
+ echo ''
+ printmid '\e[33;7mEXTRA FEATURES!\e[0m'
+ printf '\e[33;7mEXTRA FEATURES!\e[0m'
+ sed 's|\\e[[0-9;]*m||g'
+ wc -m
+ typeset 'CHAR=26'
+ typeset 'hfCOLUMN=28'
+ typeset 'hfCHAR=13'
+ typeset 'indent=15'
+ printf '%*s' 15 ''
+ echo '                \e[33;7mEXTRA FEATURES!\e[0m'
+ echo ''
+ echo '\e[01;32m[ NET ] BOOST UR NETWORK\e[0m'
+ echo '\e[01;36m For Gaining Slightly Faster Network Speed And Performance.\e[0m'
+ echo ''
+ echo '\e[01;32m[ GMSDOZE ] \e[01;31mGMS DOZE\e[0m'
+ echo '\e[01;36m Optimizing And Adjusting Google Play Services For All Android Devices.\e[0m'
+ echo ''
+ echo '\e[01;32m[ DGMSDOZE ] \e[01;31mDisable GMS DOZE\e[0m'
+ echo '\e[01;36m Disabling it if u face any Problems after GMSDOZE Feature.\e[0m'
+ echo ''
+ echo '\e[01;32m[ DGMS ] \e[01;31mEnable Daily Use GMS DOZE\e[0m'
+ echo '\e[01;36m This Option Enables The Daily GMS DOZE Usage\e[0m'
+ echo ''
+ echo '\e[01;32m[ 7 ] \e[01;31mTrim Partitions\e[0m'
+ echo '\e[01;36m Improves A Bit Smoothness \e[0m'
+ echo ''
+ echo '\e[01;32m[ 8 ] \e[01;31mOptimize Application Packages..'
+ echo '\e[01;36m Takes Some Time \e[0m'
+ echo ''
+ echo '\e[01;32m[ 9 ] \e[01;31mClear RAM \e[01;35m[ BASIC ]'
+ echo '\e[01;36m Drop All Caches \e[0m'
+ echo ''
+ echo '\e[01;32m[ 10 ] \e[01;31mClear RAM \e[01;35m[ HEAVY ]'
+ echo '\e[01;36m Drop Cache And Kill Background Apps\e[0m'
+ echo ''
+ echo '\e[01;32m[ 11 ] \e[01;31mClear RAM \e[01;35m[ ADVANCED ]'
+ echo '\e[01;36m Drop Caches And Kill All Apps!\e[0m'
+ echo ''
+ echo '\e[01;32m[ 12 ] \e[01;31mBoost You'\''re Device Space!'
+ echo '\e[01;36m Boosting You'\''re Device Space By Removing Some Hidden Shit\e[0m'
+ echo ''
+ echo '\e[01;32m[ 13 ] \e[01;31mClear Battery Status'
+ echo '\e[01;36m Using Only When Your Battery Is At 100%!!!\e[0m'
+ echo ''
+ echo '\e[01;32m[ 14 ] \e[01;31mEnable Low Power Mode'
+ echo '\e[01;36m Enable Max. Battery Saver\e[0m'
+ echo ''
+ echo '\e[01;32m[ EDB ]\e[0m \e[01;31mEnable DevFreq Boost! Stabilize Latency!\e[0m'
+ echo ''
+ echo '\e[01;32m[ DDB ]\e[0m \e[01;31mDisable DevFreq Boost!\e[0m'
+ echo ''
+ echo '\e[01;32m[ EFC ]\e[0m \e[01;31mEnable Fast Charge Mode\e[0m'
+ echo ''
+ echo '\e[01;32m[ DFC ]\e[0m \e[01;31mDisable Fast Charge Mode\e[0m'
+ echo ''
+ echo '\e[01;32m[ DPS ]\e[0m \e[01;31mDisable power-saving location mode\e[0m'
+ echo ''
+ echo '\e[01;32m[ EDS ]\e[0m \e[01;31mEnable data saver\e[0m'
+ echo ''
+ echo '\e[01;32m[ ERB ]\e[0m \e[01;31mEnable Ram Boost\e[0m'
+ echo ''
+ echo '\e[01;32m[ DRB ]\e[0m \e[01;31mDisable Ram Boost\e[0m'
+ echo ''
+ echo '\e[01;33mâ˜†â˜†â˜†â˜†â˜†â˜†â˜†â˜†â˜†â˜†â˜†â˜†â˜†â˜†â˜†â˜†â˜†â˜†â˜†â˜†â˜†â˜†â˜†â˜†â˜†â˜†â˜†â˜†â˜†â˜†â˜†â˜†â˜†â˜†â˜†â˜†â˜†â˜†â˜†â˜†â˜†â˜†â˜†â˜†â˜†â˜†â˜†â˜†â˜†â˜†â˜†â˜†\e[0m'
+ echo ''
+ printmid '\e[33;7mChange SELinux State\e[0m'
+ printf '\e[33;7mChange SELinux State\e[0m'
+ sed 's|\\e[[0-9;]*m||g'
+ wc -m
+ typeset 'CHAR=31'
+ typeset 'hfCOLUMN=28'
+ typeset 'hfCHAR=15'
+ typeset 'indent=13'
+ printf '%*s' 13 ''
+ echo '              \e[33;7mChange SELinux State\e[0m'
+ echo ''
+ getenforce
+ echo '\e[01;31mâ–ŒCurrent Status â–° Enforcing\e[0m'
+ echo ''
+ echo '\e[01;32m[ SEN ] â–° \e[01;31mâ–ŒSELinux Enforcing'
+ echo ''
+ echo '\e[01;32m[ SPE ] â–° \e[01;31mâ–ŒSELinux Permissive'
+ echo '\e[0m'
+ echo '\e[01;33mâ˜†â˜†â˜†â˜†â˜†â˜†â˜†â˜†â˜†â˜†â˜†â˜†â˜†â˜†â˜†â˜†â˜†â˜†â˜†â˜†â˜†â˜†â˜†â˜†â˜†â˜†â˜†â˜†â˜†â˜†â˜†â˜†â˜†â˜†â˜†â˜†â˜†â˜†â˜†â˜†â˜†â˜†â˜†â˜†â˜†â˜†â˜†â˜†â˜†â˜†â˜†â˜†\e[0m'
+ echo ''
+ printmid '\e[33;7mGapps Settings..\e[0m'
+ printf '\e[33;7mGapps Settings..\e[0m'
+ sed 's|\\e[[0-9;]*m||g'
+ wc -m
+ typeset 'CHAR=27'
+ typeset 'hfCOLUMN=28'
+ typeset 'hfCHAR=13'
+ typeset 'indent=15'
+ printf '%*s' 15 ''
+ echo '                \e[33;7mGapps Settings..\e[0m'
+ echo ''
+ pm list package com.google.android.gms
+ echo '\e[01;32m[ EGAPP ]\e[0m \e[01;31mEnable Gapps\e[0m'
+ echo ''
+ echo '\e[01;32m[ DGAPP ]\e[0m \e[01;31mDisable Gapps\e[0m'
+ echo ''
+ echo ''
+ echo '\e[01;33mâ˜†â˜†â˜†â˜†â˜†â˜†â˜†â˜†â˜†â˜†â˜†â˜†â˜†â˜†â˜†â˜†â˜†â˜†â˜†â˜†â˜†â˜†â˜†â˜†â˜†â˜†â˜†â˜†â˜†â˜†â˜†â˜†â˜†â˜†â˜†â˜†â˜†â˜†â˜†â˜†â˜†â˜†â˜†â˜†â˜†â˜†â˜†â˜†â˜†â˜†â˜†â˜†\e[0m'
+ echo ''
+ printmid '\e[33;7mChange Refresh Rate Options... \e[0m'
+ printf '\e[33;7mChange Refresh Rate Options... \e[0m'
+ sed 's|\\e[[0-9;]*m||g'
+ wc -m
+ typeset 'CHAR=42'
+ typeset 'hfCOLUMN=28'
+ typeset 'hfCHAR=21'
+ typeset 'indent=7'
+ printf '%*s' 7 ''
+ echo '        \e[33;7mChange Refresh Rate Options... \e[0m'
+ echo ''
+ settings get system peak_refresh_rate
+ echo '\e[01;32mCurrent Refresh Rate â–° 90\e[0m'
+ echo ''
+ settings get system peak_refresh_rate
+ settings get system peak_refresh_rate
+ /system/xbin/busybox cut -c1-3
+ /system/xbin/busybox tr -d .
+ echo '\e[01;32m[ 46 ]\e[0m \e[01;31m46 HZ Refresh Rate\e[0m'
+ echo ''
+ settings get system peak_refresh_rate
+ /system/xbin/busybox cut -c1-3
+ /system/xbin/busybox tr -d .
+ echo '\e[01;32m[ 50 ]\e[0m \e[01;31m50 HZ Refresh Rate\e[0m'
+ echo ''
+ settings get system peak_refresh_rate
+ /system/xbin/busybox cut -c1-3
+ /system/xbin/busybox tr -d .
+ echo '\e[01;32m[ 55 ]\e[0m \e[01;31m55 HZ Refresh Rate\e[0m'
+ echo ''
+ settings get system peak_refresh_rate
+ /system/xbin/busybox cut -c1-3
+ /system/xbin/busybox tr -d .
+ echo '\e[01;32m[ 60 ]\e[0m \e[01;31m60 HZ Refresh Rate\e[0m'
+ echo ''
+ settings get system peak_refresh_rate
+ /system/xbin/busybox cut -c1-3
+ /system/xbin/busybox tr -d .
+ settings get system peak_refresh_rate
+ settings get system peak_refresh_rate
+ /system/xbin/busybox cut -c1-3
+ /system/xbin/busybox tr -d .
+ echo '\e[01;32m[ 120 ]\e[0m \e[01;31m120 HZ Refresh Rate\e[0m'
+ echo ''
+ settings get system peak_refresh_rate
+ /system/xbin/busybox cut -c1-3
+ /system/xbin/busybox tr -d .
+ echo '\e[01;32m[ 144 ]\e[0m \e[01;31m144 HZ Refresh Rate\e[0m'
+ echo ''
+ echo '\e[01;32m[ RRR ]\e[0m \e[01;36mReset Refresh Rate config\e[0m'
+ echo ''
+ echo '\e[01;33mâ˜†â˜†â˜†â˜†â˜†â˜†â˜†â˜†â˜†â˜†â˜†â˜†â˜†â˜†â˜†â˜†â˜†â˜†â˜†â˜†â˜†â˜†â˜†â˜†â˜†â˜†â˜†â˜†â˜†â˜†â˜†â˜†â˜†â˜†â˜†â˜†â˜†â˜†â˜†â˜†â˜†â˜†â˜†â˜†â˜†â˜†â˜†â˜†â˜†â˜†â˜†â˜†\e[0m'
+ echo ''
+ echo '\e[01;36m[ 15 ] \e[01;31mAbout The Module'
+ echo '\e[01;36m Module Informations!\e[0m'
+ echo ' '
+ echo '\e[01;36m[ S ] \e[01;31mPACK The Logs For Developer'
+ echo '\e[01;36m This Will Prepare The Logs To Be Sent To Youre Dev.\e[0m'
+ echo ' '
+ echo '\e[01;31m[ U ] \e[01;31mUninstall Stratosphere Tweaks Completely!\e[0m'
+ echo ' '
+ echo '\e[01;31m[ 0 ] \e[33;7mEXIT MENU\e[0m'
+ echo ''
+ echo '\e[01;33mâ˜†â˜†â˜†â˜†â˜†â˜†â˜†â˜†â˜†â˜†â˜†â˜†â˜†â˜†â˜†â˜†â˜†â˜†â˜†â˜†â˜†â˜†â˜†â˜†â˜†â˜†â˜†â˜†â˜†â˜†â˜†â˜†â˜†â˜†â˜†â˜†â˜†â˜†â˜†â˜†â˜†â˜†â˜†â˜†â˜†â˜†â˜†â˜†â˜†â˜†â˜†â˜†\e[0m'
+ echo ''
+ echo -e '\n'
+ echo '\e[33;7m Enter Value\e[0m \e[01;31mâ–°\e[0m \c'
+ read Option
+ 90Hz
+ >/dev/null 
+ 2>&1 
+ settings put system min_refresh_rate 90
+ >/dev/null 
+ 2>&1 
+ settings put system peak_refresh_rate 90
+ >/dev/null 
+ 2>&1 
+ settings put system user_refresh_rate 90
+ /system/xbin/busybox sleep 2
+ Menu
+ echo -e '\n'
+ /system/xbin/busybox printf '\033c'
+ >/dev/null 
+ 2>&1 
+ Menutoast
+ >/dev/null 
+ 2>&1 
+ am start -a android.intent.action.MAIN -e toasttext 'â–Œğ™ğ™ğ™ğ˜¼ğ™ğ™Šğ™ğ™‹ğ™ƒğ™€ğ™ğ™€ ğ™ˆğ™€ğ™‰ğ™ â–Œ' -n bellavita.toast/.MainActivity
+ /system/xbin/busybox printf '\033c'
+ echo ''
+ echo ''
+ echo '\e[1;95m'
+ echo $'                                               \n                        .                      \n             ..       ::.                      \n            ::.     .::::::::..                \n           .:::    .:::    ...::::.            \n          .::::   .:::.          .:::.         \n     .    :::::   ::::.             .::.       \n    .:    :::::.  ::::.               .::.     \n    ::    ::::::  ::::.                 ::.    \n    :::   .:::::.  ::::                  ::    \n    ::::   ::::::. .:::.                 .::   \n    .::::   .:::::.  :::.    .            ::.  \n     :::::.  .::::::.  ...   ::           .:.  \n      .::::::...::::::::....::::.         .:.  \n   ..    .:::::::::::::::::::::::.        ::.  \n     :::.......:::::::::::.      .        ::   \n      :::::::::::::::::: .               ::.   \n       ::.  .....:::::: ::              ::.    \n        ::.      .::::. ::            .::.     \n         .::.    .::::: .:.          :::       \n           .:::. ::::::. .::.     .:::         \n             ..:::::::::: .:::.::::.           \n                 ..:::::::::::..               \n                                               \n'
+ echo '\e[0m'
+ echo '\e[01;33mâ˜†â˜†â˜†â˜†â˜†â˜†â˜†â˜†â˜†â˜†â˜†â˜†â˜†â˜†â˜†â˜†â˜†â˜†â˜†â˜†â˜†â˜†â˜†â˜†â˜†â˜†â˜†â˜†â˜†â˜†â˜†â˜†â˜†â˜†â˜†â˜†â˜†â˜†â˜†â˜†â˜†â˜†â˜†â˜†â˜†â˜†â˜†â˜†â˜†â˜†â˜†â˜†\e[0m'
+ echo ''
+ echo ''
+ echo '\e[1;94m'
+ echo '      â–‘â–Œâ–Œâ–Œâ–Œâ–Œâ–Œâ•—â–Œâ–Œâ–Œâ–Œâ–Œâ–Œâ–Œâ–Œâ•—â–Œâ–Œâ–Œâ–Œâ–Œâ–Œâ•—â–‘â–Œâ–Œâ–Œâ–Œâ–Œâ–Œâ•—â–‘'
+ echo '      â–Œâ–Œâ•”â•â•â•â•â•â•šâ•â•â–Œâ–Œâ•”â•â•â•â–Œâ–Œâ•”â•â•â–Œâ–Œâ•—â–Œâ–Œâ•”â•â•â–Œâ–Œâ•—'
+ echo '      â•šâ–Œâ–Œâ–Œâ–Œâ–Œâ•—â–‘â–‘â–‘â–‘â–Œâ–Œâ•‘â–‘â–‘â–‘â–Œâ–Œâ–Œâ–Œâ–Œâ–Œâ•”â•â–Œâ–Œâ–Œâ–Œâ–Œâ–Œâ•”â•'
+ echo '      â–‘â•šâ•â•â•â–Œâ–Œâ•—â–‘â–‘â–‘â–Œâ–Œâ•‘â–‘â–‘â–‘â–Œâ–Œâ•”â•â•â–Œâ–Œâ•—â–Œâ–Œâ•”â•â•â•â•â–‘'
+ echo '      â–Œâ–Œâ–Œâ–Œâ–Œâ–Œâ•”â•â–‘â–‘â–‘â–Œâ–Œâ•‘â–‘â–‘â–‘â–Œâ–Œâ•‘â–‘â–‘â–Œâ–Œâ•‘â–Œâ–Œâ•‘â–‘â–‘â–‘â–‘â–‘'
+ echo '      â•šâ•â•â•â•â•â•â–‘â–‘â–‘â–‘â•šâ•â•â–‘â–‘â–‘â•šâ•â•â–‘â–‘â•šâ•â•â•šâ•â•â–‘â–‘â–‘â–‘â–‘\e[0m'
+ echo ''
+ echo '      \e[1;95mâ–‘â–‘â–‘â–‘â–‘â–‘â–‘â–‘â–‘â–‘â–‘â–‘â–Œâ–Œâ•—â–‘â–‘â–Œâ–Œâ•—â–‘â–‘â–‘â–‘â–‘â–‘â–‘â–‘â–‘â–‘â–‘â–‘'
+ echo '      â–‘â–‘â–‘â–‘â–‘â–‘â–‘â–‘â–‘â–‘â–‘â–‘â•šâ–Œâ–Œâ•—â–Œâ–Œâ•”â•â–‘â–‘â–‘â–‘â–‘â–‘â–‘â–‘â–‘â–‘â–‘â–‘'
+ echo '      â–Œâ–Œâ–Œâ–Œâ–Œâ•—â–Œâ–Œâ–Œâ–Œâ–Œâ•—â–‘â•šâ–Œâ–Œâ–Œâ•”â•â–‘â–Œâ–Œâ–Œâ–Œâ–Œâ•—â–Œâ–Œâ–Œâ–Œâ–Œâ•—'
+ echo '      â•šâ•â•â•â•â•â•šâ•â•â•â•â•â–‘â–Œâ–Œâ•”â–Œâ–Œâ•—â–‘â•šâ•â•â•â•â•â•šâ•â•â•â•â•'
+ echo '      â–‘â–‘â–‘â–‘â–‘â–‘â–‘â–‘â–‘â–‘â–‘â–‘â–Œâ–Œâ•”â•â•šâ–Œâ–Œâ•—â–‘â–‘â–‘â–‘â–‘â–‘â–‘â–‘â–‘â–‘â–‘â–‘'
+ echo '      â–‘â–‘â–‘â–‘â–‘â–‘â–‘â–‘â–‘â–‘â–‘â–‘â•šâ•â•â–‘â–‘â•šâ•â•â–‘â–‘â–‘â–‘â–‘â–‘â–‘â–‘â–‘â–‘â–‘â–‘\e[0m'
+ echo ''
+ echo '     \e[1;94mâ–Œâ–Œâ–Œâ•—â–‘â–‘â–‘â–Œâ–Œâ–Œâ•—â–Œâ–Œâ–Œâ–Œâ–Œâ–Œâ–Œâ•—â–Œâ–Œâ–Œâ•—â–‘â–‘â–Œâ–Œâ•—â–Œâ–Œâ•—â–‘â–‘â–‘â–Œâ–Œâ•—'
+ echo '     â–Œâ–Œâ–Œâ–Œâ•—â–‘â–Œâ–Œâ–Œâ–Œâ•‘â–Œâ–Œâ•”â•â•â•â•â•â–Œâ–Œâ–Œâ–Œâ•—â–‘â–Œâ–Œâ•‘â–Œâ–Œâ•‘â–‘â–‘â–‘â–Œâ–Œâ•‘'
+ echo '     â–Œâ–Œâ•”â–Œâ–Œâ–Œâ–Œâ•”â–Œâ–Œâ•‘â–Œâ–Œâ–Œâ–Œâ–Œâ•—â–‘â–‘â–Œâ–Œâ•”â–Œâ–Œâ•—â–Œâ–Œâ•‘â–Œâ–Œâ•‘â–‘â–‘â–‘â–Œâ–Œâ•‘'
+ echo '     â–Œâ–Œâ•‘â•šâ–Œâ–Œâ•”â•â–Œâ–Œâ•‘â–Œâ–Œâ•”â•â•â•â–‘â–‘â–Œâ–Œâ•‘â•šâ–Œâ–Œâ–Œâ–Œâ•‘â–Œâ–Œâ•‘â–‘â–‘â–‘â–Œâ–Œâ•‘'
+ echo '     â–Œâ–Œâ•‘â–‘â•šâ•â•â–‘â–Œâ–Œâ•‘â–Œâ–Œâ–Œâ–Œâ–Œâ–Œâ–Œâ•—â–Œâ–Œâ•‘â–‘â•šâ–Œâ–Œâ–Œâ•‘â•šâ–Œâ–Œâ–Œâ–Œâ–Œâ–Œâ•”â•'
+ echo '     â•šâ•â•â–‘â–‘â–‘â–‘â–‘â•šâ•â•â•šâ•â•â•â•â•â•â•â•šâ•â•â–‘â–‘â•šâ•â•â•â–‘â•šâ•â•â•â•â•â•â–‘\e[0m'
+ echo ''
+ echo ''
+ echo ''
+ echo '\e[01;33mâ˜†â˜†â˜†â˜†â˜†â˜†â˜†â˜†â˜†â˜†â˜†â˜†â˜†â˜†â˜†â˜†â˜†â˜†â˜†â˜†â˜†â˜†â˜†â˜†â˜†â˜†â˜†â˜†â˜†â˜†â˜†â˜†â˜†â˜†â˜†â˜†â˜†â˜†â˜†â˜†â˜†â˜†â˜†â˜†â˜†â˜†â˜†â˜†â˜†â˜†â˜†â˜†\e[0m'
+ echo ''
+ echo '\e[01;33m ã€„ \e[0m \e[01;32mğ˜¿ğ™šğ™«ğ™šğ™¡ğ™¤ğ™¥ğ™šğ™§ ğ™–ğ™£ğ™™ ğ™‘ğ™šğ™§ğ™¨ğ™ğ™¤ğ™£ â–°\e[0m \e[33;7mCRANKV2\e[0m \e[01;31mâ–°\e[0m \e[33;7mv2.2\e[0m'
+ echo ''
+ echo '\e[01;33m ã€„ \e[0m \e[01;32mğ™”ğ™¤ğ™ªğ™§ ğ˜¾ğ™ªğ™§ğ™§ğ™šğ™£ğ™© ğ™‹ğ™§ğ™¤ğ™›ğ™ğ™¡ğ™š â–° \e[0m\e[33;7mGaming\e[0m'
+ echo ''
+ getprop ro.product.model
+ echo '\e[01;33m ã€„ \e[0m \e[01;32mğ™”ğ™¤ğ™ªğ™§ ğ™ˆğ™¤ğ™™ğ™šğ™¡ â–°\e[0m \e[33;7mGM1917\e[0m'
+ echo ''
+ getprop ro.build.display.id
+ echo '\e[01;33m ã€„ \e[0m \e[01;32mğ™”ğ™¤ğ™ªğ™§ ğ™ğ™Šğ™ˆ â–°\e[0m \e[33;7mRKQ1.200826.002 release-keys\e[0m'
+ echo ''
+ echo '\e[01;33m ã€„ \e[0m \e[01;32mğ™ˆğ™–ğ™œğ™ğ™¨ğ™  ğ™‘ğ™šğ™§ğ™¨ğ™ğ™¤ğ™£ â–°\e[0m \e[33;7m23.0:MAGISK (23000)\e[0m'
+ echo ''
+ echo '\e[01;33m ã€„ \e[0m \e[01;32mğ™ğ™ğ™šğ™§ğ™¢ğ™–ğ™¡ ğ™ğ™©ğ™–ğ™©ğ™š â–°\e[0m \e[33;7mFULLY DISABLED\e[0m'
+ echo ''
+ echo '\e[01;33m ã€„ \e[0m \e[01;32mğ˜¾ğ™‹ğ™ ğ™ğ™§ğ™šğ™¦ â–°\e[0m \e[33;7m300-2956MHz\e[0m'
+ echo ''
+ echo '\e[01;33m ã€„ \e[0m \e[01;32mğ˜¾ğ™‹ğ™ ğ™ğ™˜ğ™ğ™šğ™™ğ™ªğ™¡ğ™ğ™£ğ™œ ğ™ğ™®ğ™¥ğ™š â–°\e[0m \e[33;7mEAS\e[0m'
+ echo ''
+ echo '\e[01;33m ã€„ \e[0m \e[01;32mğ™ğ™¤ğ™©ğ™–ğ™¡ ğ™ğ˜¼ğ™ˆ â–°\e[0m \e[33;7m7499MB\e[0m'
+ echo ''
+ echo '\e[01;33m ã€„ \e[0m \e[01;32mğ˜¼ğ™«ğ™–ğ™ğ™¡ğ™–ğ™—ğ™¡ğ™š ğ™ğ˜¼ğ™ˆ â–°\e[0m \e[33;7m3918MB\e[0m'
+ echo ''
+ echo '\e[01;33mâ˜†â˜†â˜†â˜†â˜†â˜†â˜†â˜†â˜†â˜†â˜†â˜†â˜†â˜†â˜†â˜†â˜†â˜†â˜†â˜†â˜†â˜†â˜†â˜†â˜†â˜†â˜†â˜†â˜†â˜†â˜†â˜†â˜†â˜†â˜†â˜†â˜†â˜†â˜†â˜†â˜†â˜†â˜†â˜†â˜†â˜†â˜†â˜†â˜†â˜†â˜†â˜†\e[0m'
+ echo ''
+ pcenter '\e[33;7mğ˜¾ğ™ğ™€ğ˜¼ğ™ğ™Šğ™ â–Œğ™Šğ™’ğ™‰ğ™€ğ™ â–Œğ™‚ğ™ğ™Šğ™ğ™‹\e[0m'
+ /system/xbin/busybox printf '\e[33;7mğ˜¾ğ™ğ™€ğ˜¼ğ™ğ™Šğ™ â–Œğ™Šğ™’ğ™‰ğ™€ğ™ â–Œğ™‚ğ™ğ™Šğ™ğ™‹\e[0m'
+ /system/xbin/busybox sed 's|\\e[[0-9;]*m||g'
+ /system/xbin/busybox wc -m
+ typeset 'CHAR=32'
+ typeset 'hfCOLUMN=28'
+ typeset 'hfCHAR=16'
+ typeset 'indent=12'
+ /system/xbin/busybox printf '%*s' 12 ''
+ echo '             \e[33;7mğ˜¾ğ™ğ™€ğ˜¼ğ™ğ™Šğ™ â–Œğ™Šğ™’ğ™‰ğ™€ğ™ â–Œğ™‚ğ™ğ™Šğ™ğ™‹\e[0m'
+ echo ''
+ echo '\e[01;32mBy\e[0m \e[01;31mCRANKV2\e[0m\e[01;32m â–Œt.me/\e[0m\e[01;31mCRANKV2\e[0m\e[01;32m â–Œgithub.com/\e[0m\e[01;31mCRANKV2\e[0m'
+ echo '\e[01;32mTelegram channel: t.me/\e[0m\e[01;31mStratospherePerformance\e[0m'
+ echo '\e[01;32mTelegram group: t.me/\e[0m\e[01;31mAndroidRootModulesCommunity\e[0m'
+ echo ''
+ echo '\e[01;36m[ GROUP ]\e[0m \e[01;36mJoin ARMC Group!\e[0m'
+ echo ''
+ echo '\e[01;36m[ CHANNEL ]\e[0m \e[01;36mJoin Ur Channel!\e[0m'
+ echo ''
+ echo '\e[01;36m[ DONATE ]\e[0m \e[01;36mDonate Me A Small Coffee To Keep This Alive !\e[0m'
+ echo ''
+ echo '\e[01;33mâ˜†â˜†â˜†â˜†â˜†â˜†â˜†â˜†â˜†â˜†â˜†â˜†â˜†â˜†â˜†â˜†â˜†â˜†â˜†â˜†â˜†â˜†â˜†â˜†â˜†â˜†â˜†â˜†â˜†â˜†â˜†â˜†â˜†â˜†â˜†â˜†â˜†â˜†â˜†â˜†â˜†â˜†â˜†â˜†â˜†â˜†â˜†â˜†â˜†â˜†â˜†â˜†\e[0m'
+ echo ''
+ printmid '\e[33;7mSelect Youre Desired Profile\e[0m'
+ printf '\e[33;7mSelect Youre Desired Profile\e[0m'
+ sed 's|\\e[[0-9;]*m||g'
+ wc -m
+ typeset 'CHAR=39'
+ typeset 'hfCOLUMN=28'
+ typeset 'hfCHAR=19'
+ typeset 'indent=9'
+ printf '%*s' 9 ''
+ echo '          \e[33;7mSelect Youre Desired Profile\e[0m'
+ echo ''
+ echo '\e[01;36m[ 1 ] Smooth Ur UI:\e[0m \e[01;35mFocused On Smoothness, Improve The UI Smoothness And Overall System Speed.\e[0m'
+ echo ''
+ echo '\e[01;34m[ 2 ] Maximize Battery Durability:\e[0m \e[01;35mReduce Power Draw And Improve Energetic Efficiency, Maximize Battery Backup.\e[0m'
+ echo ''
+ echo '\e[01;32m[ 3 ] Make It Balanced:\e[0m \e[01;35mBalanced Between Battery And Performance, Perfect For Daily Use / Tasks.\e[0m'
+ echo ''
+ echo '\e[01;33m[ 4 ] MAX CPU:\e[0m \e[01;35mForce CPU To Max, Disabling CPU Throttling And Tweaking It To Max Power.\e[0m'
+ echo ''
+ echo '\e[01;31m[ 5 ] Gaming:\e[0m \e[01;35mRecommended To Hardcore Gamers, Who Wanna Max Performance While Playing, It Set Both CPU / GPU To Max Power.\e[0m'
+ echo ''
+ echo '\e[01;35m[ 6 ] Battery A.I: \e[01;33mEnable Battery A.I ~ Auto Enables Battery saver & More at 15% Battery!\e[0m'
+ echo '\e[01;31mAfter Enabling This Feature just close Termux, Script will Load in Background!\e[0m'
+ echo ''
+ echo '\e[01;33mâ˜†â˜†â˜†â˜†â˜†â˜†â˜†â˜†â˜†â˜†â˜†â˜†â˜†â˜†â˜†â˜†â˜†â˜†â˜†â˜†â˜†â˜†â˜†â˜†â˜†â˜†â˜†â˜†â˜†â˜†â˜†â˜†â˜†â˜†â˜†â˜†â˜†â˜†â˜†â˜†â˜†â˜†â˜†â˜†â˜†â˜†â˜†â˜†â˜†â˜†â˜†â˜†\e[0m'
+ echo ''
+ printmid '\e[33;7mBATTERY INFO \e[0m'
+ printf '\e[33;7mBATTERY INFO \e[0m'
+ sed 's|\\e[[0-9;]*m||g'
+ wc -m
+ typeset 'CHAR=24'
+ typeset 'hfCOLUMN=28'
+ typeset 'hfCHAR=12'
+ typeset 'indent=16'
+ printf '%*s' 16 ''
+ echo '                 \e[33;7mBATTERY INFO \e[0m'
+ echo ''
+ echo '\e[01;32mBattery Charge Level â–° 79%\e[0m'
+ echo '\e[01;32mBattery Total Capacity â–° 5160mAh\e[0m'
+ echo '\e[01;32mBattery Health â–° Good\e[0m'
+ echo '\e[01;32mBattery Status â–° Discharging\e[0m'
+ echo '\e[01;32mBattery Temperature â–° 39Â°C\e[0m'
+ echo '\e[01;33mSystem Using Since â–° 17:21 / h:m\e[0m'
+ echo ''
+ echo '\e[01;33mâ˜†â˜†â˜†â˜†â˜†â˜†â˜†â˜†â˜†â˜†â˜†â˜†â˜†â˜†â˜†â˜†â˜†â˜†â˜†â˜†â˜†â˜†â˜†â˜†â˜†â˜†â˜†â˜†â˜†â˜†â˜†â˜†â˜†â˜†â˜†â˜†â˜†â˜†â˜†â˜†â˜†â˜†â˜†â˜†â˜†â˜†â˜†â˜†â˜†â˜†â˜†â˜†\e[0m'
+ echo ''
+ printmid '\e[33;7mChanging Thermal 4 Options!\e[0m'
+ printf '\e[33;7mChanging Thermal 4 Options!\e[0m'
+ sed 's|\\e[[0-9;]*m||g'
+ wc -m
+ typeset 'CHAR=38'
+ typeset 'hfCOLUMN=28'
+ typeset 'hfCHAR=19'
+ typeset 'indent=9'
+ printf '%*s' 9 ''
+ echo '          \e[33;7mChanging Thermal 4 Options!\e[0m'
+ echo ''
+ echo '\e[01;32m[ STOCK ] â–°\e[0m \e[01;31mStock Thermal (means no changes)\e[0m'
+ echo ''
+ echo '\e[01;32m[ LESS  ] â–°\e[0m \e[01;31mLess Heat\e[0m'
+ echo '\e[01;36mAbout 6 ~ 8Â° More before Throttling!\e[0m'
+ echo ''
+ echo '\e[01;32m[ MORE  ] â–°\e[0m \e[01;31mMore Heat\e[0m'
+ echo '\e[01;36mAbout 10 ~ 12Â° More before Throttling!\e[0m'
+ echo ''
+ echo '\e[01;32m[ OFF   ] â–°\e[0m \e[01;31mFully Disable Thermal\e[0m'
+ echo '\e[01;36mFull Disable Thermal Throttling!\e[0m'
+ echo ''
+ echo '\e[01;31m[ OFF2  ] â–°\e[0m \e[01;31mExperimental Disable Thermal\e[0m'
+ echo '\e[01;35mIMPORTANT! Use '\''OFF2'\'' Only If Normal '\''OFF'\'' Not Work for You!\e[0m'
+ echo '\e[01;32mDisable Thermal-engine \e[01;31m(May heat Device)\e[0m'
+ echo ''
+ echo ''
+ echo '\e[01;32m[ TINFO ] â–°\e[0m \e[01;31mOpen Thermal INFO!\e[0m'
+ echo ''
+ echo '\e[01;33mâ˜†â˜†â˜†â˜†â˜†â˜†â˜†â˜†â˜†â˜†â˜†â˜†â˜†â˜†â˜†â˜†â˜†â˜†â˜†â˜†â˜†â˜†â˜†â˜†â˜†â˜†â˜†â˜†â˜†â˜†â˜†â˜†â˜†â˜†â˜†â˜†â˜†â˜†â˜†â˜†â˜†â˜†â˜†â˜†â˜†â˜†â˜†â˜†â˜†â˜†â˜†â˜†\e[0m'
+ echo ''
+ printmid '\e[33;7mEXTRA MENUS!\e[0m'
+ printf '\e[33;7mEXTRA MENUS!\e[0m'
+ sed 's|\\e[[0-9;]*m||g'
+ wc -m
+ typeset 'CHAR=23'
+ typeset 'hfCOLUMN=28'
+ typeset 'hfCHAR=11'
+ typeset 'indent=17'
+ printf '%*s' 17 ''
+ echo '                  \e[33;7mEXTRA MENUS!\e[0m'
+ echo ''
+ echo '\e[01;33m[ CPUC ] Enter CPU Control Menu\e[0m'
+ echo '\e[01;36mEnable / Disable CPU Cores Easly Over Menu!\e[0m'
+ echo ''
+ echo '\e[01;32m[ UDB ] \e[01;31mEnter Universal Debloater Menu\e[0m'
+ echo '\e[01;36m Debloat Apps & System Apps! Or Multiple Apps!\e[0m'
+ echo ''
+ echo '\e[01;32m[ FCA ] \e[01;31mOpen Force Close Menu\e[0m'
+ echo '\e[01;36m Force Closes All Background Shit!\e[0m'
+ echo ''
+ echo '\e[01;32m[ SRC ] \e[01;31mOpen Simple Resolution Changer Menu\e[0m'
+ echo '\e[01;36m Let'\''s U Change Screen Resolution, Without Affecting Refresh Rate!\e[0m'
+ echo ''
+ echo '\e[01;32m[ CRASHFIX ] \e[01;31mOpen Game Crash Fixer Menu\e[0m'
+ echo '\e[01;36m Fixes you'\''re Random Game Crashes by 85%!!\e[0m'
+ echo ''
+ echo '\e[01;32m[ CLEANER ] \e[01;31mOpen Cleaner Menu\e[0m'
+ echo '\e[01;36m Let'\''s Clean Some Shit Up!\e[0m'
+ echo ''
+ echo '\e[01;32m[ KCAL ] \e[01;31mOpen STRP KCAL MENU \e[0m'
+ echo '\e[01;36m Adjusting Overall Device Color And Vision\e[0m'
+ echo ''
+ echo '\e[01;32m[ OPENGL ] \e[01;31mOpen OPENGL CHANGER MENU \e[0m'
+ echo '\e[01;36m Change You'\''re OpenGL and OpenGL Version!\e[0m'
+ echo ''
+ echo '\e[01;33mâ˜†â˜†â˜†â˜†â˜†â˜†â˜†â˜†â˜†â˜†â˜†â˜†â˜†â˜†â˜†â˜†â˜†â˜†â˜†â˜†â˜†â˜†â˜†â˜†â˜†â˜†â˜†â˜†â˜†â˜†â˜†â˜†â˜†â˜†â˜†â˜†â˜†â˜†â˜†â˜†â˜†â˜†â˜†â˜†â˜†â˜†â˜†â˜†â˜†â˜†â˜†â˜†\e[0m'
+ echo ''
+ printmid '\e[33;7mEXTRA FEATURES!\e[0m'
+ printf '\e[33;7mEXTRA FEATURES!\e[0m'
+ sed 's|\\e[[0-9;]*m||g'
+ wc -m
+ typeset 'CHAR=26'
+ typeset 'hfCOLUMN=28'
+ typeset 'hfCHAR=13'
+ typeset 'indent=15'
+ printf '%*s' 15 ''
+ echo '                \e[33;7mEXTRA FEATURES!\e[0m'
+ echo ''
+ echo '\e[01;32m[ NET ] BOOST UR NETWORK\e[0m'
+ echo '\e[01;36m For Gaining Slightly Faster Network Speed And Performance.\e[0m'
+ echo ''
+ echo '\e[01;32m[ GMSDOZE ] \e[01;31mGMS DOZE\e[0m'
+ echo '\e[01;36m Optimizing And Adjusting Google Play Services For All Android Devices.\e[0m'
+ echo ''
+ echo '\e[01;32m[ DGMSDOZE ] \e[01;31mDisable GMS DOZE\e[0m'
+ echo '\e[01;36m Disabling it if u face any Problems after GMSDOZE Feature.\e[0m'
+ echo ''
+ echo '\e[01;32m[ DGMS ] \e[01;31mEnable Daily Use GMS DOZE\e[0m'
+ echo '\e[01;36m This Option Enables The Daily GMS DOZE Usage\e[0m'
+ echo ''
+ echo '\e[01;32m[ 7 ] \e[01;31mTrim Partitions\e[0m'
+ echo '\e[01;36m Improves A Bit Smoothness \e[0m'
+ echo ''
+ echo '\e[01;32m[ 8 ] \e[01;31mOptimize Application Packages..'
+ echo '\e[01;36m Takes Some Time \e[0m'
+ echo ''
+ echo '\e[01;32m[ 9 ] \e[01;31mClear RAM \e[01;35m[ BASIC ]'
+ echo '\e[01;36m Drop All Caches \e[0m'
+ echo ''
+ echo '\e[01;32m[ 10 ] \e[01;31mClear RAM \e[01;35m[ HEAVY ]'
+ echo '\e[01;36m Drop Cache And Kill Background Apps\e[0m'
+ echo ''
+ echo '\e[01;32m[ 11 ] \e[01;31mClear RAM \e[01;35m[ ADVANCED ]'
+ echo '\e[01;36m Drop Caches And Kill All Apps!\e[0m'
+ echo ''
+ echo '\e[01;32m[ 12 ] \e[01;31mBoost You'\''re Device Space!'
+ echo '\e[01;36m Boosting You'\''re Device Space By Removing Some Hidden Shit\e[0m'
+ echo ''
+ echo '\e[01;32m[ 13 ] \e[01;31mClear Battery Status'
+ echo '\e[01;36m Using Only When Your Battery Is At 100%!!!\e[0m'
+ echo ''
+ echo '\e[01;32m[ 14 ] \e[01;31mEnable Low Power Mode'
+ echo '\e[01;36m Enable Max. Battery Saver\e[0m'
+ echo ''
+ echo '\e[01;32m[ EDB ]\e[0m \e[01;31mEnable DevFreq Boost! Stabilize Latency!\e[0m'
+ echo ''
+ echo '\e[01;32m[ DDB ]\e[0m \e[01;31mDisable DevFreq Boost!\e[0m'
+ echo ''
+ echo '\e[01;32m[ EFC ]\e[0m \e[01;31mEnable Fast Charge Mode\e[0m'
+ echo ''
+ echo '\e[01;32m[ DFC ]\e[0m \e[01;31mDisable Fast Charge Mode\e[0m'
+ echo ''
+ echo '\e[01;32m[ DPS ]\e[0m \e[01;31mDisable power-saving location mode\e[0m'
+ echo ''
+ echo '\e[01;32m[ EDS ]\e[0m \e[01;31mEnable data saver\e[0m'
+ echo ''
+ echo '\e[01;32m[ ERB ]\e[0m \e[01;31mEnable Ram Boost\e[0m'
+ echo ''
+ echo '\e[01;32m[ DRB ]\e[0m \e[01;31mDisable Ram Boost\e[0m'
+ echo ''
+ echo '\e[01;33mâ˜†â˜†â˜†â˜†â˜†â˜†â˜†â˜†â˜†â˜†â˜†â˜†â˜†â˜†â˜†â˜†â˜†â˜†â˜†â˜†â˜†â˜†â˜†â˜†â˜†â˜†â˜†â˜†â˜†â˜†â˜†â˜†â˜†â˜†â˜†â˜†â˜†â˜†â˜†â˜†â˜†â˜†â˜†â˜†â˜†â˜†â˜†â˜†â˜†â˜†â˜†â˜†\e[0m'
+ echo ''
+ printmid '\e[33;7mChange SELinux State\e[0m'
+ printf '\e[33;7mChange SELinux State\e[0m'
+ sed 's|\\e[[0-9;]*m||g'
+ wc -m
+ typeset 'CHAR=31'
+ typeset 'hfCOLUMN=28'
+ typeset 'hfCHAR=15'
+ typeset 'indent=13'
+ printf '%*s' 13 ''
+ echo '              \e[33;7mChange SELinux State\e[0m'
+ echo ''
+ getenforce
+ echo '\e[01;31mâ–ŒCurrent Status â–° Enforcing\e[0m'
+ echo ''
+ echo '\e[01;32m[ SEN ] â–° \e[01;31mâ–ŒSELinux Enforcing'
+ echo ''
+ echo '\e[01;32m[ SPE ] â–° \e[01;31mâ–ŒSELinux Permissive'
+ echo '\e[0m'
+ echo '\e[01;33mâ˜†â˜†â˜†â˜†â˜†â˜†â˜†â˜†â˜†â˜†â˜†â˜†â˜†â˜†â˜†â˜†â˜†â˜†â˜†â˜†â˜†â˜†â˜†â˜†â˜†â˜†â˜†â˜†â˜†â˜†â˜†â˜†â˜†â˜†â˜†â˜†â˜†â˜†â˜†â˜†â˜†â˜†â˜†â˜†â˜†â˜†â˜†â˜†â˜†â˜†â˜†â˜†\e[0m'
+ echo ''
+ printmid '\e[33;7mGapps Settings..\e[0m'
+ printf '\e[33;7mGapps Settings..\e[0m'
+ sed 's|\\e[[0-9;]*m||g'
+ wc -m
+ typeset 'CHAR=27'
+ typeset 'hfCOLUMN=28'
+ typeset 'hfCHAR=13'
+ typeset 'indent=15'
+ printf '%*s' 15 ''
+ echo '                \e[33;7mGapps Settings..\e[0m'
+ echo ''
+ pm list package com.google.android.gms
+ echo '\e[01;32m[ EGAPP ]\e[0m \e[01;31mEnable Gapps\e[0m'
+ echo ''
+ echo '\e[01;32m[ DGAPP ]\e[0m \e[01;31mDisable Gapps\e[0m'
+ echo ''
+ echo ''
+ echo '\e[01;33mâ˜†â˜†â˜†â˜†â˜†â˜†â˜†â˜†â˜†â˜†â˜†â˜†â˜†â˜†â˜†â˜†â˜†â˜†â˜†â˜†â˜†â˜†â˜†â˜†â˜†â˜†â˜†â˜†â˜†â˜†â˜†â˜†â˜†â˜†â˜†â˜†â˜†â˜†â˜†â˜†â˜†â˜†â˜†â˜†â˜†â˜†â˜†â˜†â˜†â˜†â˜†â˜†\e[0m'
+ echo ''
+ printmid '\e[33;7mChange Refresh Rate Options... \e[0m'
+ printf '\e[33;7mChange Refresh Rate Options... \e[0m'
+ sed 's|\\e[[0-9;]*m||g'
+ wc -m
+ typeset 'CHAR=42'
+ typeset 'hfCOLUMN=28'
+ typeset 'hfCHAR=21'
+ typeset 'indent=7'
+ printf '%*s' 7 ''
+ echo '        \e[33;7mChange Refresh Rate Options... \e[0m'
+ echo ''
+ settings get system peak_refresh_rate
+ echo '\e[01;32mCurrent Refresh Rate â–° 90\e[0m'
+ echo ''
+ settings get system peak_refresh_rate
+ settings get system peak_refresh_rate
+ /system/xbin/busybox cut -c1-3
+ /system/xbin/busybox tr -d .
+ echo '\e[01;32m[ 46 ]\e[0m \e[01;31m46 HZ Refresh Rate\e[0m'
+ echo ''
+ settings get system peak_refresh_rate
+ /system/xbin/busybox cut -c1-3
+ /system/xbin/busybox tr -d .
+ echo '\e[01;32m[ 50 ]\e[0m \e[01;31m50 HZ Refresh Rate\e[0m'
+ echo ''
+ settings get system peak_refresh_rate
+ /system/xbin/busybox cut -c1-3
+ /system/xbin/busybox tr -d .
+ echo '\e[01;32m[ 55 ]\e[0m \e[01;31m55 HZ Refresh Rate\e[0m'
+ echo ''
+ settings get system peak_refresh_rate
+ /system/xbin/busybox cut -c1-3
+ /system/xbin/busybox tr -d .
+ echo '\e[01;32m[ 60 ]\e[0m \e[01;31m60 HZ Refresh Rate\e[0m'
+ echo ''
+ settings get system peak_refresh_rate
+ /system/xbin/busybox cut -c1-3
+ /system/xbin/busybox tr -d .
+ settings get system peak_refresh_rate
+ settings get system peak_refresh_rate
+ /system/xbin/busybox cut -c1-3
+ /system/xbin/busybox tr -d .
+ echo '\e[01;32m[ 120 ]\e[0m \e[01;31m120 HZ Refresh Rate\e[0m'
+ echo ''
+ settings get system peak_refresh_rate
+ /system/xbin/busybox cut -c1-3
+ /system/xbin/busybox tr -d .
+ echo '\e[01;32m[ 144 ]\e[0m \e[01;31m144 HZ Refresh Rate\e[0m'
+ echo ''
+ echo '\e[01;32m[ RRR ]\e[0m \e[01;36mReset Refresh Rate config\e[0m'
+ echo ''
+ echo '\e[01;33mâ˜†â˜†â˜†â˜†â˜†â˜†â˜†â˜†â˜†â˜†â˜†â˜†â˜†â˜†â˜†â˜†â˜†â˜†â˜†â˜†â˜†â˜†â˜†â˜†â˜†â˜†â˜†â˜†â˜†â˜†â˜†â˜†â˜†â˜†â˜†â˜†â˜†â˜†â˜†â˜†â˜†â˜†â˜†â˜†â˜†â˜†â˜†â˜†â˜†â˜†â˜†â˜†\e[0m'
+ echo ''
+ echo '\e[01;36m[ 15 ] \e[01;31mAbout The Module'
+ echo '\e[01;36m Module Informations!\e[0m'
+ echo ' '
+ echo '\e[01;36m[ S ] \e[01;31mPACK The Logs For Developer'
+ echo '\e[01;36m This Will Prepare The Logs To Be Sent To Youre Dev.\e[0m'
+ echo ' '
+ echo '\e[01;31m[ U ] \e[01;31mUninstall Stratosphere Tweaks Completely!\e[0m'
+ echo ' '
+ echo '\e[01;31m[ 0 ] \e[33;7mEXIT MENU\e[0m'
+ echo ''
+ echo '\e[01;33mâ˜†â˜†â˜†â˜†â˜†â˜†â˜†â˜†â˜†â˜†â˜†â˜†â˜†â˜†â˜†â˜†â˜†â˜†â˜†â˜†â˜†â˜†â˜†â˜†â˜†â˜†â˜†â˜†â˜†â˜†â˜†â˜†â˜†â˜†â˜†â˜†â˜†â˜†â˜†â˜†â˜†â˜†â˜†â˜†â˜†â˜†â˜†â˜†â˜†â˜†â˜†â˜†\e[0m'
+ echo ''
+ echo -e '\n'
+ echo '\e[33;7m Enter Value\e[0m \e[01;31mâ–°\e[0m \c'
+ read Option
+ Menu
+ echo -e '\n'
+ /system/xbin/busybox printf '\033c'
+ >/dev/null 
+ 2>&1 
+ Menutoast
+ >/dev/null 
+ 2>&1 
+ am start -a android.intent.action.MAIN -e toasttext 'â–Œğ™ğ™ğ™ğ˜¼ğ™ğ™Šğ™ğ™‹ğ™ƒğ™€ğ™ğ™€ ğ™ˆğ™€ğ™‰ğ™ â–Œ' -n bellavita.toast/.MainActivity
+ /system/xbin/busybox printf '\033c'
+ echo ''
+ echo ''
+ echo '\e[1;95m'
+ echo $'                                               \n                        .                      \n             ..       ::.                      \n            ::.     .::::::::..                \n           .:::    .:::    ...::::.            \n          .::::   .:::.          .:::.         \n     .    :::::   ::::.             .::.       \n    .:    :::::.  ::::.               .::.     \n    ::    ::::::  ::::.                 ::.    \n    :::   .:::::.  ::::                  ::    \n    ::::   ::::::. .:::.                 .::   \n    .::::   .:::::.  :::.    .            ::.  \n     :::::.  .::::::.  ...   ::           .:.  \n      .::::::...::::::::....::::.         .:.  \n   ..    .:::::::::::::::::::::::.        ::.  \n     :::.......:::::::::::.      .        ::   \n      :::::::::::::::::: .               ::.   \n       ::.  .....:::::: ::              ::.    \n        ::.      .::::. ::            .::.     \n         .::.    .::::: .:.          :::       \n           .:::. ::::::. .::.     .:::         \n             ..:::::::::: .:::.::::.           \n                 ..:::::::::::..               \n                                               \n'
+ echo '\e[0m'
+ echo '\e[01;33mâ˜†â˜†â˜†â˜†â˜†â˜†â˜†â˜†â˜†â˜†â˜†â˜†â˜†â˜†â˜†â˜†â˜†â˜†â˜†â˜†â˜†â˜†â˜†â˜†â˜†â˜†â˜†â˜†â˜†â˜†â˜†â˜†â˜†â˜†â˜†â˜†â˜†â˜†â˜†â˜†â˜†â˜†â˜†â˜†â˜†â˜†â˜†â˜†â˜†â˜†â˜†â˜†\e[0m'
+ echo ''
+ echo ''
+ echo '\e[1;94m'
+ echo '      â–‘â–Œâ–Œâ–Œâ–Œâ–Œâ–Œâ•—â–Œâ–Œâ–Œâ–Œâ–Œâ–Œâ–Œâ–Œâ•—â–Œâ–Œâ–Œâ–Œâ–Œâ–Œâ•—â–‘â–Œâ–Œâ–Œâ–Œâ–Œâ–Œâ•—â–‘'
+ echo '      â–Œâ–Œâ•”â•â•â•â•â•â•šâ•â•â–Œâ–Œâ•”â•â•â•â–Œâ–Œâ•”â•â•â–Œâ–Œâ•—â–Œâ–Œâ•”â•â•â–Œâ–Œâ•—'
+ echo '      â•šâ–Œâ–Œâ–Œâ–Œâ–Œâ•—â–‘â–‘â–‘â–‘â–Œâ–Œâ•‘â–‘â–‘â–‘â–Œâ–Œâ–Œâ–Œâ–Œâ–Œâ•”â•â–Œâ–Œâ–Œâ–Œâ–Œâ–Œâ•”â•'
+ echo '      â–‘â•šâ•â•â•â–Œâ–Œâ•—â–‘â–‘â–‘â–Œâ–Œâ•‘â–‘â–‘â–‘â–Œâ–Œâ•”â•â•â–Œâ–Œâ•—â–Œâ–Œâ•”â•â•â•â•â–‘'
+ echo '      â–Œâ–Œâ–Œâ–Œâ–Œâ–Œâ•”â•â–‘â–‘â–‘â–Œâ–Œâ•‘â–‘â–‘â–‘â–Œâ–Œâ•‘â–‘â–‘â–Œâ–Œâ•‘â–Œâ–Œâ•‘â–‘â–‘â–‘â–‘â–‘'
+ echo '      â•šâ•â•â•â•â•â•â–‘â–‘â–‘â–‘â•šâ•â•â–‘â–‘â–‘â•šâ•â•â–‘â–‘â•šâ•â•â•šâ•â•â–‘â–‘â–‘â–‘â–‘\e[0m'
+ echo ''
+ echo '      \e[1;95mâ–‘â–‘â–‘â–‘â–‘â–‘â–‘â–‘â–‘â–‘â–‘â–‘â–Œâ–Œâ•—â–‘â–‘â–Œâ–Œâ•—â–‘â–‘â–‘â–‘â–‘â–‘â–‘â–‘â–‘â–‘â–‘â–‘'
+ echo '      â–‘â–‘â–‘â–‘â–‘â–‘â–‘â–‘â–‘â–‘â–‘â–‘â•šâ–Œâ–Œâ•—â–Œâ–Œâ•”â•â–‘â–‘â–‘â–‘â–‘â–‘â–‘â–‘â–‘â–‘â–‘â–‘'
+ echo '      â–Œâ–Œâ–Œâ–Œâ–Œâ•—â–Œâ–Œâ–Œâ–Œâ–Œâ•—â–‘â•šâ–Œâ–Œâ–Œâ•”â•â–‘â–Œâ–Œâ–Œâ–Œâ–Œâ•—â–Œâ–Œâ–Œâ–Œâ–Œâ•—'
+ echo '      â•šâ•â•â•â•â•â•šâ•â•â•â•â•â–‘â–Œâ–Œâ•”â–Œâ–Œâ•—â–‘â•šâ•â•â•â•â•â•šâ•â•â•â•â•'
+ echo '      â–‘â–‘â–‘â–‘â–‘â–‘â–‘â–‘â–‘â–‘â–‘â–‘â–Œâ–Œâ•”â•â•šâ–Œâ–Œâ•—â–‘â–‘â–‘â–‘â–‘â–‘â–‘â–‘â–‘â–‘â–‘â–‘'
+ echo '      â–‘â–‘â–‘â–‘â–‘â–‘â–‘â–‘â–‘â–‘â–‘â–‘â•šâ•â•â–‘â–‘â•šâ•â•â–‘â–‘â–‘â–‘â–‘â–‘â–‘â–‘â–‘â–‘â–‘â–‘\e[0m'
+ echo ''
+ echo '     \e[1;94mâ–Œâ–Œâ–Œâ•—â–‘â–‘â–‘â–Œâ–Œâ–Œâ•—â–Œâ–Œâ–Œâ–Œâ–Œâ–Œâ–Œâ•—â–Œâ–Œâ–Œâ•—â–‘â–‘â–Œâ–Œâ•—â–Œâ–Œâ•—â–‘â–‘â–‘â–Œâ–Œâ•—'
+ echo '     â–Œâ–Œâ–Œâ–Œâ•—â–‘â–Œâ–Œâ–Œâ–Œâ•‘â–Œâ–Œâ•”â•â•â•â•â•â–Œâ–Œâ–Œâ–Œâ•—â–‘â–Œâ–Œâ•‘â–Œâ–Œâ•‘â–‘â–‘â–‘â–Œâ–Œâ•‘'
+ echo '     â–Œâ–Œâ•”â–Œâ–Œâ–Œâ–Œâ•”â–Œâ–Œâ•‘â–Œâ–Œâ–Œâ–Œâ–Œâ•—â–‘â–‘â–Œâ–Œâ•”â–Œâ–Œâ•—â–Œâ–Œâ•‘â–Œâ–Œâ•‘â–‘â–‘â–‘â–Œâ–Œâ•‘'
+ echo '     â–Œâ–Œâ•‘â•šâ–Œâ–Œâ•”â•â–Œâ–Œâ•‘â–Œâ–Œâ•”â•â•â•â–‘â–‘â–Œâ–Œâ•‘â•šâ–Œâ–Œâ–Œâ–Œâ•‘â–Œâ–Œâ•‘â–‘â–‘â–‘â–Œâ–Œâ•‘'
+ echo '     â–Œâ–Œâ•‘â–‘â•šâ•â•â–‘â–Œâ–Œâ•‘â–Œâ–Œâ–Œâ–Œâ–Œâ–Œâ–Œâ•—â–Œâ–Œâ•‘â–‘â•šâ–Œâ–Œâ–Œâ•‘â•šâ–Œâ–Œâ–Œâ–Œâ–Œâ–Œâ•”â•'
+ echo '     â•šâ•â•â–‘â–‘â–‘â–‘â–‘â•šâ•â•â•šâ•â•â•â•â•â•â•â•šâ•â•â–‘â–‘â•šâ•â•â•â–‘â•šâ•â•â•â•â•â•â–‘\e[0m'
+ echo ''
+ echo ''
+ echo ''
+ echo '\e[01;33mâ˜†â˜†â˜†â˜†â˜†â˜†â˜†â˜†â˜†â˜†â˜†â˜†â˜†â˜†â˜†â˜†â˜†â˜†â˜†â˜†â˜†â˜†â˜†â˜†â˜†â˜†â˜†â˜†â˜†â˜†â˜†â˜†â˜†â˜†â˜†â˜†â˜†â˜†â˜†â˜†â˜†â˜†â˜†â˜†â˜†â˜†â˜†â˜†â˜†â˜†â˜†â˜†\e[0m'
+ echo ''
+ echo '\e[01;33m ã€„ \e[0m \e[01;32mğ˜¿ğ™šğ™«ğ™šğ™¡ğ™¤ğ™¥ğ™šğ™§ ğ™–ğ™£ğ™™ ğ™‘ğ™šğ™§ğ™¨ğ™ğ™¤ğ™£ â–°\e[0m \e[33;7mCRANKV2\e[0m \e[01;31mâ–°\e[0m \e[33;7mv2.2\e[0m'
+ echo ''
+ echo '\e[01;33m ã€„ \e[0m \e[01;32mğ™”ğ™¤ğ™ªğ™§ ğ˜¾ğ™ªğ™§ğ™§ğ™šğ™£ğ™© ğ™‹ğ™§ğ™¤ğ™›ğ™ğ™¡ğ™š â–° \e[0m\e[33;7mGaming\e[0m'
+ echo ''
+ getprop ro.product.model
+ echo '\e[01;33m ã€„ \e[0m \e[01;32mğ™”ğ™¤ğ™ªğ™§ ğ™ˆğ™¤ğ™™ğ™šğ™¡ â–°\e[0m \e[33;7mGM1917\e[0m'
+ echo ''
+ getprop ro.build.display.id
+ echo '\e[01;33m ã€„ \e[0m \e[01;32mğ™”ğ™¤ğ™ªğ™§ ğ™ğ™Šğ™ˆ â–°\e[0m \e[33;7mRKQ1.200826.002 release-keys\e[0m'
+ echo ''
+ echo '\e[01;33m ã€„ \e[0m \e[01;32mğ™ˆğ™–ğ™œğ™ğ™¨ğ™  ğ™‘ğ™šğ™§ğ™¨ğ™ğ™¤ğ™£ â–°\e[0m \e[33;7m23.0:MAGISK (23000)\e[0m'
+ echo ''
+ echo '\e[01;33m ã€„ \e[0m \e[01;32mğ™ğ™ğ™šğ™§ğ™¢ğ™–ğ™¡ ğ™ğ™©ğ™–ğ™©ğ™š â–°\e[0m \e[33;7mFULLY DISABLED\e[0m'
+ echo ''
+ echo '\e[01;33m ã€„ \e[0m \e[01;32mğ˜¾ğ™‹ğ™ ğ™ğ™§ğ™šğ™¦ â–°\e[0m \e[33;7m300-2956MHz\e[0m'
+ echo ''
+ echo '\e[01;33m ã€„ \e[0m \e[01;32mğ˜¾ğ™‹ğ™ ğ™ğ™˜ğ™ğ™šğ™™ğ™ªğ™¡ğ™ğ™£ğ™œ ğ™ğ™®ğ™¥ğ™š â–°\e[0m \e[33;7mEAS\e[0m'
+ echo ''
+ echo '\e[01;33m ã€„ \e[0m \e[01;32mğ™ğ™¤ğ™©ğ™–ğ™¡ ğ™ğ˜¼ğ™ˆ â–°\e[0m \e[33;7m7499MB\e[0m'
+ echo ''
+ echo '\e[01;33m ã€„ \e[0m \e[01;32mğ˜¼ğ™«ğ™–ğ™ğ™¡ğ™–ğ™—ğ™¡ğ™š ğ™ğ˜¼ğ™ˆ â–°\e[0m \e[33;7m3918MB\e[0m'
+ echo ''
+ echo '\e[01;33mâ˜†â˜†â˜†â˜†â˜†â˜†â˜†â˜†â˜†â˜†â˜†â˜†â˜†â˜†â˜†â˜†â˜†â˜†â˜†â˜†â˜†â˜†â˜†â˜†â˜†â˜†â˜†â˜†â˜†â˜†â˜†â˜†â˜†â˜†â˜†â˜†â˜†â˜†â˜†â˜†â˜†â˜†â˜†â˜†â˜†â˜†â˜†â˜†â˜†â˜†â˜†â˜†\e[0m'
+ echo ''
+ pcenter '\e[33;7mğ˜¾ğ™ğ™€ğ˜¼ğ™ğ™Šğ™ â–Œğ™Šğ™’ğ™‰ğ™€ğ™ â–Œğ™‚ğ™ğ™Šğ™ğ™‹\e[0m'
+ /system/xbin/busybox printf '\e[33;7mğ˜¾ğ™ğ™€ğ˜¼ğ™ğ™Šğ™ â–Œğ™Šğ™’ğ™‰ğ™€ğ™ â–Œğ™‚ğ™ğ™Šğ™ğ™‹\e[0m'
+ /system/xbin/busybox sed 's|\\e[[0-9;]*m||g'
+ /system/xbin/busybox wc -m
+ typeset 'CHAR=32'
+ typeset 'hfCOLUMN=28'
+ typeset 'hfCHAR=16'
+ typeset 'indent=12'
+ /system/xbin/busybox printf '%*s' 12 ''
+ echo '             \e[33;7mğ˜¾ğ™ğ™€ğ˜¼ğ™ğ™Šğ™ â–Œğ™Šğ™’ğ™‰ğ™€ğ™ â–Œğ™‚ğ™ğ™Šğ™ğ™‹\e[0m'
+ echo ''
+ echo '\e[01;32mBy\e[0m \e[01;31mCRANKV2\e[0m\e[01;32m â–Œt.me/\e[0m\e[01;31mCRANKV2\e[0m\e[01;32m â–Œgithub.com/\e[0m\e[01;31mCRANKV2\e[0m'
+ echo '\e[01;32mTelegram channel: t.me/\e[0m\e[01;31mStratospherePerformance\e[0m'
+ echo '\e[01;32mTelegram group: t.me/\e[0m\e[01;31mAndroidRootModulesCommunity\e[0m'
+ echo ''
+ echo '\e[01;36m[ GROUP ]\e[0m \e[01;36mJoin ARMC Group!\e[0m'
+ echo ''
+ echo '\e[01;36m[ CHANNEL ]\e[0m \e[01;36mJoin Ur Channel!\e[0m'
+ echo ''
+ echo '\e[01;36m[ DONATE ]\e[0m \e[01;36mDonate Me A Small Coffee To Keep This Alive !\e[0m'
+ echo ''
+ echo '\e[01;33mâ˜†â˜†â˜†â˜†â˜†â˜†â˜†â˜†â˜†â˜†â˜†â˜†â˜†â˜†â˜†â˜†â˜†â˜†â˜†â˜†â˜†â˜†â˜†â˜†â˜†â˜†â˜†â˜†â˜†â˜†â˜†â˜†â˜†â˜†â˜†â˜†â˜†â˜†â˜†â˜†â˜†â˜†â˜†â˜†â˜†â˜†â˜†â˜†â˜†â˜†â˜†â˜†\e[0m'
+ echo ''
+ printmid '\e[33;7mSelect Youre Desired Profile\e[0m'
+ printf '\e[33;7mSelect Youre Desired Profile\e[0m'
+ sed 's|\\e[[0-9;]*m||g'
+ wc -m
+ typeset 'CHAR=39'
+ typeset 'hfCOLUMN=28'
+ typeset 'hfCHAR=19'
+ typeset 'indent=9'
+ printf '%*s' 9 ''
+ echo '          \e[33;7mSelect Youre Desired Profile\e[0m'
+ echo ''
+ echo '\e[01;36m[ 1 ] Smooth Ur UI:\e[0m \e[01;35mFocused On Smoothness, Improve The UI Smoothness And Overall System Speed.\e[0m'
+ echo ''
+ echo '\e[01;34m[ 2 ] Maximize Battery Durability:\e[0m \e[01;35mReduce Power Draw And Improve Energetic Efficiency, Maximize Battery Backup.\e[0m'
+ echo ''
+ echo '\e[01;32m[ 3 ] Make It Balanced:\e[0m \e[01;35mBalanced Between Battery And Performance, Perfect For Daily Use / Tasks.\e[0m'
+ echo ''
+ echo '\e[01;33m[ 4 ] MAX CPU:\e[0m \e[01;35mForce CPU To Max, Disabling CPU Throttling And Tweaking It To Max Power.\e[0m'
+ echo ''
+ echo '\e[01;31m[ 5 ] Gaming:\e[0m \e[01;35mRecommended To Hardcore Gamers, Who Wanna Max Performance While Playing, It Set Both CPU / GPU To Max Power.\e[0m'
+ echo ''
+ echo '\e[01;35m[ 6 ] Battery A.I: \e[01;33mEnable Battery A.I ~ Auto Enables Battery saver & More at 15% Battery!\e[0m'
+ echo '\e[01;31mAfter Enabling This Feature just close Termux, Script will Load in Background!\e[0m'
+ echo ''
+ echo '\e[01;33mâ˜†â˜†â˜†â˜†â˜†â˜†â˜†â˜†â˜†â˜†â˜†â˜†â˜†â˜†â˜†â˜†â˜†â˜†â˜†â˜†â˜†â˜†â˜†â˜†â˜†â˜†â˜†â˜†â˜†â˜†â˜†â˜†â˜†â˜†â˜†â˜†â˜†â˜†â˜†â˜†â˜†â˜†â˜†â˜†â˜†â˜†â˜†â˜†â˜†â˜†â˜†â˜†\e[0m'
+ echo ''
+ printmid '\e[33;7mBATTERY INFO \e[0m'
+ printf '\e[33;7mBATTERY INFO \e[0m'
+ sed 's|\\e[[0-9;]*m||g'
+ wc -m
+ typeset 'CHAR=24'
+ typeset 'hfCOLUMN=28'
+ typeset 'hfCHAR=12'
+ typeset 'indent=16'
+ printf '%*s' 16 ''
+ echo '                 \e[33;7mBATTERY INFO \e[0m'
+ echo ''
+ echo '\e[01;32mBattery Charge Level â–° 79%\e[0m'
+ echo '\e[01;32mBattery Total Capacity â–° 5160mAh\e[0m'
+ echo '\e[01;32mBattery Health â–° Good\e[0m'
+ echo '\e[01;32mBattery Status â–° Discharging\e[0m'
+ echo '\e[01;32mBattery Temperature â–° 39Â°C\e[0m'
+ echo '\e[01;33mSystem Using Since â–° 17:21 / h:m\e[0m'
+ echo ''
+ echo '\e[01;33mâ˜†â˜†â˜†â˜†â˜†â˜†â˜†â˜†â˜†â˜†â˜†â˜†â˜†â˜†â˜†â˜†â˜†â˜†â˜†â˜†â˜†â˜†â˜†â˜†â˜†â˜†â˜†â˜†â˜†â˜†â˜†â˜†â˜†â˜†â˜†â˜†â˜†â˜†â˜†â˜†â˜†â˜†â˜†â˜†â˜†â˜†â˜†â˜†â˜†â˜†â˜†â˜†\e[0m'
+ echo ''
+ printmid '\e[33;7mChanging Thermal 4 Options!\e[0m'
+ printf '\e[33;7mChanging Thermal 4 Options!\e[0m'
+ sed 's|\\e[[0-9;]*m||g'
+ wc -m
+ typeset 'CHAR=38'
+ typeset 'hfCOLUMN=28'
+ typeset 'hfCHAR=19'
+ typeset 'indent=9'
+ printf '%*s' 9 ''
+ echo '          \e[33;7mChanging Thermal 4 Options!\e[0m'
+ echo ''
+ echo '\e[01;32m[ STOCK ] â–°\e[0m \e[01;31mStock Thermal (means no changes)\e[0m'
+ echo ''
+ echo '\e[01;32m[ LESS  ] â–°\e[0m \e[01;31mLess Heat\e[0m'
+ echo '\e[01;36mAbout 6 ~ 8Â° More before Throttling!\e[0m'
+ echo ''
+ echo '\e[01;32m[ MORE  ] â–°\e[0m \e[01;31mMore Heat\e[0m'
+ echo '\e[01;36mAbout 10 ~ 12Â° More before Throttling!\e[0m'
+ echo ''
+ echo '\e[01;32m[ OFF   ] â–°\e[0m \e[01;31mFully Disable Thermal\e[0m'
+ echo '\e[01;36mFull Disable Thermal Throttling!\e[0m'
+ echo ''
+ echo '\e[01;31m[ OFF2  ] â–°\e[0m \e[01;31mExperimental Disable Thermal\e[0m'
+ echo '\e[01;35mIMPORTANT! Use '\''OFF2'\'' Only If Normal '\''OFF'\'' Not Work for You!\e[0m'
+ echo '\e[01;32mDisable Thermal-engine \e[01;31m(May heat Device)\e[0m'
+ echo ''
+ echo ''
+ echo '\e[01;32m[ TINFO ] â–°\e[0m \e[01;31mOpen Thermal INFO!\e[0m'
+ echo ''
+ echo '\e[01;33mâ˜†â˜†â˜†â˜†â˜†â˜†â˜†â˜†â˜†â˜†â˜†â˜†â˜†â˜†â˜†â˜†â˜†â˜†â˜†â˜†â˜†â˜†â˜†â˜†â˜†â˜†â˜†â˜†â˜†â˜†â˜†â˜†â˜†â˜†â˜†â˜†â˜†â˜†â˜†â˜†â˜†â˜†â˜†â˜†â˜†â˜†â˜†â˜†â˜†â˜†â˜†â˜†\e[0m'
+ echo ''
+ printmid '\e[33;7mEXTRA MENUS!\e[0m'
+ printf '\e[33;7mEXTRA MENUS!\e[0m'
+ sed 's|\\e[[0-9;]*m||g'
+ wc -m
+ typeset 'CHAR=23'
+ typeset 'hfCOLUMN=28'
+ typeset 'hfCHAR=11'
+ typeset 'indent=17'
+ printf '%*s' 17 ''
+ echo '                  \e[33;7mEXTRA MENUS!\e[0m'
+ echo ''
+ echo '\e[01;33m[ CPUC ] Enter CPU Control Menu\e[0m'
+ echo '\e[01;36mEnable / Disable CPU Cores Easly Over Menu!\e[0m'
+ echo ''
+ echo '\e[01;32m[ UDB ] \e[01;31mEnter Universal Debloater Menu\e[0m'
+ echo '\e[01;36m Debloat Apps & System Apps! Or Multiple Apps!\e[0m'
+ echo ''
+ echo '\e[01;32m[ FCA ] \e[01;31mOpen Force Close Menu\e[0m'
+ echo '\e[01;36m Force Closes All Background Shit!\e[0m'
+ echo ''
+ echo '\e[01;32m[ SRC ] \e[01;31mOpen Simple Resolution Changer Menu\e[0m'
+ echo '\e[01;36m Let'\''s U Change Screen Resolution, Without Affecting Refresh Rate!\e[0m'
+ echo ''
+ echo '\e[01;32m[ CRASHFIX ] \e[01;31mOpen Game Crash Fixer Menu\e[0m'
+ echo '\e[01;36m Fixes you'\''re Random Game Crashes by 85%!!\e[0m'
+ echo ''
+ echo '\e[01;32m[ CLEANER ] \e[01;31mOpen Cleaner Menu\e[0m'
+ echo '\e[01;36m Let'\''s Clean Some Shit Up!\e[0m'
+ echo ''
+ echo '\e[01;32m[ KCAL ] \e[01;31mOpen STRP KCAL MENU \e[0m'
+ echo '\e[01;36m Adjusting Overall Device Color And Vision\e[0m'
+ echo ''
+ echo '\e[01;32m[ OPENGL ] \e[01;31mOpen OPENGL CHANGER MENU \e[0m'
+ echo '\e[01;36m Change You'\''re OpenGL and OpenGL Version!\e[0m'
+ echo ''
+ echo '\e[01;33mâ˜†â˜†â˜†â˜†â˜†â˜†â˜†â˜†â˜†â˜†â˜†â˜†â˜†â˜†â˜†â˜†â˜†â˜†â˜†â˜†â˜†â˜†â˜†â˜†â˜†â˜†â˜†â˜†â˜†â˜†â˜†â˜†â˜†â˜†â˜†â˜†â˜†â˜†â˜†â˜†â˜†â˜†â˜†â˜†â˜†â˜†â˜†â˜†â˜†â˜†â˜†â˜†\e[0m'
+ echo ''
+ printmid '\e[33;7mEXTRA FEATURES!\e[0m'
+ printf '\e[33;7mEXTRA FEATURES!\e[0m'
+ sed 's|\\e[[0-9;]*m||g'
+ wc -m
+ typeset 'CHAR=26'
+ typeset 'hfCOLUMN=28'
+ typeset 'hfCHAR=13'
+ typeset 'indent=15'
+ printf '%*s' 15 ''
+ echo '                \e[33;7mEXTRA FEATURES!\e[0m'
+ echo ''
+ echo '\e[01;32m[ NET ] BOOST UR NETWORK\e[0m'
+ echo '\e[01;36m For Gaining Slightly Faster Network Speed And Performance.\e[0m'
+ echo ''
+ echo '\e[01;32m[ GMSDOZE ] \e[01;31mGMS DOZE\e[0m'
+ echo '\e[01;36m Optimizing And Adjusting Google Play Services For All Android Devices.\e[0m'
+ echo ''
+ echo '\e[01;32m[ DGMSDOZE ] \e[01;31mDisable GMS DOZE\e[0m'
+ echo '\e[01;36m Disabling it if u face any Problems after GMSDOZE Feature.\e[0m'
+ echo ''
+ echo '\e[01;32m[ DGMS ] \e[01;31mEnable Daily Use GMS DOZE\e[0m'
+ echo '\e[01;36m This Option Enables The Daily GMS DOZE Usage\e[0m'
+ echo ''
+ echo '\e[01;32m[ 7 ] \e[01;31mTrim Partitions\e[0m'
+ echo '\e[01;36m Improves A Bit Smoothness \e[0m'
+ echo ''
+ echo '\e[01;32m[ 8 ] \e[01;31mOptimize Application Packages..'
+ echo '\e[01;36m Takes Some Time \e[0m'
+ echo ''
+ echo '\e[01;32m[ 9 ] \e[01;31mClear RAM \e[01;35m[ BASIC ]'
+ echo '\e[01;36m Drop All Caches \e[0m'
+ echo ''
+ echo '\e[01;32m[ 10 ] \e[01;31mClear RAM \e[01;35m[ HEAVY ]'
+ echo '\e[01;36m Drop Cache And Kill Background Apps\e[0m'
+ echo ''
+ echo '\e[01;32m[ 11 ] \e[01;31mClear RAM \e[01;35m[ ADVANCED ]'
+ echo '\e[01;36m Drop Caches And Kill All Apps!\e[0m'
+ echo ''
+ echo '\e[01;32m[ 12 ] \e[01;31mBoost You'\''re Device Space!'
+ echo '\e[01;36m Boosting You'\''re Device Space By Removing Some Hidden Shit\e[0m'
+ echo ''
+ echo '\e[01;32m[ 13 ] \e[01;31mClear Battery Status'
+ echo '\e[01;36m Using Only When Your Battery Is At 100%!!!\e[0m'
+ echo ''
+ echo '\e[01;32m[ 14 ] \e[01;31mEnable Low Power Mode'
+ echo '\e[01;36m Enable Max. Battery Saver\e[0m'
+ echo ''
+ echo '\e[01;32m[ EDB ]\e[0m \e[01;31mEnable DevFreq Boost! Stabilize Latency!\e[0m'
+ echo ''
+ echo '\e[01;32m[ DDB ]\e[0m \e[01;31mDisable DevFreq Boost!\e[0m'
+ echo ''
+ echo '\e[01;32m[ EFC ]\e[0m \e[01;31mEnable Fast Charge Mode\e[0m'
+ echo ''
+ echo '\e[01;32m[ DFC ]\e[0m \e[01;31mDisable Fast Charge Mode\e[0m'
+ echo ''
+ echo '\e[01;32m[ DPS ]\e[0m \e[01;31mDisable power-saving location mode\e[0m'
+ echo ''
+ echo '\e[01;32m[ EDS ]\e[0m \e[01;31mEnable data saver\e[0m'
+ echo ''
+ echo '\e[01;32m[ ERB ]\e[0m \e[01;31mEnable Ram Boost\e[0m'
+ echo ''
+ echo '\e[01;32m[ DRB ]\e[0m \e[01;31mDisable Ram Boost\e[0m'
+ echo ''
+ echo '\e[01;33mâ˜†â˜†â˜†â˜†â˜†â˜†â˜†â˜†â˜†â˜†â˜†â˜†â˜†â˜†â˜†â˜†â˜†â˜†â˜†â˜†â˜†â˜†â˜†â˜†â˜†â˜†â˜†â˜†â˜†â˜†â˜†â˜†â˜†â˜†â˜†â˜†â˜†â˜†â˜†â˜†â˜†â˜†â˜†â˜†â˜†â˜†â˜†â˜†â˜†â˜†â˜†â˜†\e[0m'
+ echo ''
+ printmid '\e[33;7mChange SELinux State\e[0m'
+ printf '\e[33;7mChange SELinux State\e[0m'
+ sed 's|\\e[[0-9;]*m||g'
+ wc -m
+ typeset 'CHAR=31'
+ typeset 'hfCOLUMN=28'
+ typeset 'hfCHAR=15'
+ typeset 'indent=13'
+ printf '%*s' 13 ''
+ echo '              \e[33;7mChange SELinux State\e[0m'
+ echo ''
+ getenforce
+ echo '\e[01;31mâ–ŒCurrent Status â–° Enforcing\e[0m'
+ echo ''
+ echo '\e[01;32m[ SEN ] â–° \e[01;31mâ–ŒSELinux Enforcing'
+ echo ''
+ echo '\e[01;32m[ SPE ] â–° \e[01;31mâ–ŒSELinux Permissive'
+ echo '\e[0m'
+ echo '\e[01;33mâ˜†â˜†â˜†â˜†â˜†â˜†â˜†â˜†â˜†â˜†â˜†â˜†â˜†â˜†â˜†â˜†â˜†â˜†â˜†â˜†â˜†â˜†â˜†â˜†â˜†â˜†â˜†â˜†â˜†â˜†â˜†â˜†â˜†â˜†â˜†â˜†â˜†â˜†â˜†â˜†â˜†â˜†â˜†â˜†â˜†â˜†â˜†â˜†â˜†â˜†â˜†â˜†\e[0m'
+ echo ''
+ printmid '\e[33;7mGapps Settings..\e[0m'
+ printf '\e[33;7mGapps Settings..\e[0m'
+ sed 's|\\e[[0-9;]*m||g'
+ wc -m
+ typeset 'CHAR=27'
+ typeset 'hfCOLUMN=28'
+ typeset 'hfCHAR=13'
+ typeset 'indent=15'
+ printf '%*s' 15 ''
+ echo '                \e[33;7mGapps Settings..\e[0m'
+ echo ''
+ pm list package com.google.android.gms
+ echo '\e[01;32m[ EGAPP ]\e[0m \e[01;31mEnable Gapps\e[0m'
+ echo ''
+ echo '\e[01;32m[ DGAPP ]\e[0m \e[01;31mDisable Gapps\e[0m'
+ echo ''
+ echo ''
+ echo '\e[01;33mâ˜†â˜†â˜†â˜†â˜†â˜†â˜†â˜†â˜†â˜†â˜†â˜†â˜†â˜†â˜†â˜†â˜†â˜†â˜†â˜†â˜†â˜†â˜†â˜†â˜†â˜†â˜†â˜†â˜†â˜†â˜†â˜†â˜†â˜†â˜†â˜†â˜†â˜†â˜†â˜†â˜†â˜†â˜†â˜†â˜†â˜†â˜†â˜†â˜†â˜†â˜†â˜†\e[0m'
+ echo ''
+ printmid '\e[33;7mChange Refresh Rate Options... \e[0m'
+ printf '\e[33;7mChange Refresh Rate Options... \e[0m'
+ sed 's|\\e[[0-9;]*m||g'
+ wc -m
+ typeset 'CHAR=42'
+ typeset 'hfCOLUMN=28'
+ typeset 'hfCHAR=21'
+ typeset 'indent=7'
+ printf '%*s' 7 ''
+ echo '        \e[33;7mChange Refresh Rate Options... \e[0m'
+ echo ''
+ settings get system peak_refresh_rate
+ echo '\e[01;32mCurrent Refresh Rate â–° 90\e[0m'
+ echo ''
+ settings get system peak_refresh_rate
+ settings get system peak_refresh_rate
+ /system/xbin/busybox cut -c1-3
+ /system/xbin/busybox tr -d .
+ echo '\e[01;32m[ 46 ]\e[0m \e[01;31m46 HZ Refresh Rate\e[0m'
+ echo ''
+ settings get system peak_refresh_rate
+ /system/xbin/busybox cut -c1-3
+ /system/xbin/busybox tr -d .
+ echo '\e[01;32m[ 50 ]\e[0m \e[01;31m50 HZ Refresh Rate\e[0m'
+ echo ''
+ settings get system peak_refresh_rate
+ /system/xbin/busybox cut -c1-3
+ /system/xbin/busybox tr -d .
+ echo '\e[01;32m[ 55 ]\e[0m \e[01;31m55 HZ Refresh Rate\e[0m'
+ echo ''
+ settings get system peak_refresh_rate
+ /system/xbin/busybox cut -c1-3
+ /system/xbin/busybox tr -d .
+ echo '\e[01;32m[ 60 ]\e[0m \e[01;31m60 HZ Refresh Rate\e[0m'
+ echo ''
+ settings get system peak_refresh_rate
+ /system/xbin/busybox cut -c1-3
+ /system/xbin/busybox tr -d .
+ settings get system peak_refresh_rate
+ settings get system peak_refresh_rate
+ /system/xbin/busybox cut -c1-3
+ /system/xbin/busybox tr -d .
+ echo '\e[01;32m[ 120 ]\e[0m \e[01;31m120 HZ Refresh Rate\e[0m'
+ echo ''
+ settings get system peak_refresh_rate
+ /system/xbin/busybox cut -c1-3
+ /system/xbin/busybox tr -d .
+ echo '\e[01;32m[ 144 ]\e[0m \e[01;31m144 HZ Refresh Rate\e[0m'
+ echo ''
+ echo '\e[01;32m[ RRR ]\e[0m \e[01;36mReset Refresh Rate config\e[0m'
+ echo ''
+ echo '\e[01;33mâ˜†â˜†â˜†â˜†â˜†â˜†â˜†â˜†â˜†â˜†â˜†â˜†â˜†â˜†â˜†â˜†â˜†â˜†â˜†â˜†â˜†â˜†â˜†â˜†â˜†â˜†â˜†â˜†â˜†â˜†â˜†â˜†â˜†â˜†â˜†â˜†â˜†â˜†â˜†â˜†â˜†â˜†â˜†â˜†â˜†â˜†â˜†â˜†â˜†â˜†â˜†â˜†\e[0m'
+ echo ''
+ echo '\e[01;36m[ 15 ] \e[01;31mAbout The Module'
+ echo '\e[01;36m Module Informations!\e[0m'
+ echo ' '
+ echo '\e[01;36m[ S ] \e[01;31mPACK The Logs For Developer'
+ echo '\e[01;36m This Will Prepare The Logs To Be Sent To Youre Dev.\e[0m'
+ echo ' '
+ echo '\e[01;31m[ U ] \e[01;31mUninstall Stratosphere Tweaks Completely!\e[0m'
+ echo ' '
+ echo '\e[01;31m[ 0 ] \e[33;7mEXIT MENU\e[0m'
+ echo ''
+ echo '\e[01;33mâ˜†â˜†â˜†â˜†â˜†â˜†â˜†â˜†â˜†â˜†â˜†â˜†â˜†â˜†â˜†â˜†â˜†â˜†â˜†â˜†â˜†â˜†â˜†â˜†â˜†â˜†â˜†â˜†â˜†â˜†â˜†â˜†â˜†â˜†â˜†â˜†â˜†â˜†â˜†â˜†â˜†â˜†â˜†â˜†â˜†â˜†â˜†â˜†â˜†â˜†â˜†â˜†\e[0m'
+ echo ''
+ echo -e '\n'
+ echo '\e[33;7m Enter Value\e[0m \e[01;31mâ–°\e[0m \c'
+ read Option
+ Src
+ /system/xbin/busybox printf '\033c'
+ SRC
+ /system/xbin/busybox printf '\033c'
+ exit 0
